[WECHAT] 发送给用户11: 主播
[WECHAT] 发送给用户11: 原辅料仓管
[WECHAT] 发送给用户11: 普工（两班倒）
[WECHAT] 发送给用户11: 养殖技术员
[WECHAT] 发送给用户11: 养殖储备干部
✅ 用户11: 推送5条职位

📊 推送完成: 共3个用户, 5条通知
[WECHAT] 发送给用户11: 主播
[WECHAT] 发送给用户11: 原辅料仓管
[WECHAT] 发送给用户11: 普工（两班倒）
[WECHAT] 发送给用户11: 养殖技术员
[WECHAT] 发送给用户11: 养殖储备干部
✅ 用户11: 推送5条职位

📊 推送完成: 共3个用户, 5条通知
[WECHAT] 发送给用户11: 主播
[WECHAT] 发送给用户11: 原辅料仓管
[WECHAT] 发送给用户11: 普工（两班倒）
[WECHAT] 发送给用户11: 养殖技术员
[WECHAT] 发送给用户11: 养殖储备干部
✅ 用户11: 推送5条职位

📊 推送完成: 共3个用户, 5条通知
[WECHAT] 发送给用户11: 生产操作工（普工）
[WECHAT] 发送给用户11: 机修
[WECHAT] 发送给用户11: 办公室保洁（女）
[WECHAT] 发送给用户11: 室内保洁
[WECHAT] 发送给用户11: 室外保洁
✅ 用户11: 推送5条职位

📊 推送完成: 共3个用户, 5条通知
[WECHAT] 发送给用户11: 装卸工
[WECHAT] 发送给用户11: 生产操作工（普工）
[WECHAT] 发送给用户11: 机修
[WECHAT] 发送给用户11: 办公室保洁（女）
[WECHAT] 发送给用户11: 室内保洁
✅ 用户11: 推送5条职位

📊 推送完成: 共3个用户, 5条通知
[WECHAT] 发送给用户11: 装卸工
[WECHAT] 发送给用户11: 生产操作工（普工）
[WECHAT] 发送给用户11: 机修
[WECHAT] 发送给用户11: 办公室保洁（女）
[WECHAT] 发送给用户11: 室内保洁
✅ 用户11: 推送5条职位

📊 推送完成: 共3个用户, 5条通知
[WECHAT] 发送给用户11: 装卸工
[WECHAT] 发送给用户11: 生产操作工（普工）
[WECHAT] 发送给用户11: 机修
[WECHAT] 发送给用户11: 办公室保洁（女）
[WECHAT] 发送给用户11: 室内保洁
✅ 用户11: 推送5条职位

📊 推送完成: 共3个用户, 5条通知
[WECHAT] 发送给用户11: 装卸工
[WECHAT] 发送给用户11: 生产操作工（普工）
[WECHAT] 发送给用户11: 机修
[WECHAT] 发送给用户11: 办公室保洁（女）
[WECHAT] 发送给用户11: 室内保洁
✅ 用户11: 推送5条职位

📊 推送完成: 共3个用户, 5条通知
[WECHAT] 发送给用户11: 装卸工
[WECHAT] 发送给用户11: 生产操作工（普工）
[WECHAT] 发送给用户11: 机修
[WECHAT] 发送给用户11: 办公室保洁（女）
[WECHAT] 发送给用户11: 室内保洁
✅ 用户11: 推送5条职位

📊 推送完成: 共3个用户, 5条通知
[WECHAT] 发送给用户11: 废纸打包工
[WECHAT] 发送给用户11: 装卸工
[WECHAT] 发送给用户11: 生产操作工（普工）
[WECHAT] 发送给用户11: 机修
[WECHAT] 发送给用户11: 办公室保洁（女）
✅ 用户11: 推送5条职位

📊 推送完成: 共3个用户, 5条通知
[WECHAT] 发送给用户11: 废纸打包工
[WECHAT] 发送给用户11: 装卸工
[WECHAT] 发送给用户11: 生产操作工（普工）
[WECHAT] 发送给用户11: 机修
[WECHAT] 发送给用户11: 办公室保洁（女）
✅ 用户11: 推送5条职位

📊 推送完成: 共3个用户, 5条通知
[WECHAT] 发送给用户11: 废纸打包工
[WECHAT] 发送给用户11: 装卸工
[WECHAT] 发送给用户11: 生产操作工（普工）
[WECHAT] 发送给用户11: 机修
[WECHAT] 发送给用户11: 办公室保洁（女）
✅ 用户11: 推送5条职位

📊 推送完成: 共3个用户, 5条通知
[WECHAT] 发送给用户11: 废纸打包工
[WECHAT] 发送给用户11: 装卸工
[WECHAT] 发送给用户11: 生产操作工（普工）
[WECHAT] 发送给用户11: 机修
[WECHAT] 发送给用户11: 办公室保洁（女）
✅ 用户11: 推送5条职位

📊 推送完成: 共3个用户, 5条通知
[WECHAT] 发送给用户11: 废纸打包工
[WECHAT] 发送给用户11: 装卸工
[WECHAT] 发送给用户11: 生产操作工（普工）
[WECHAT] 发送给用户11: 机修
[WECHAT] 发送给用户11: 办公室保洁（女）
✅ 用户11: 推送5条职位

📊 推送完成: 共3个用户, 5条通知
[WECHAT] 发送给用户11: 废纸打包工
[WECHAT] 发送给用户11: 装卸工
[WECHAT] 发送给用户11: 生产操作工（普工）
[WECHAT] 发送给用户11: 机修
[WECHAT] 发送给用户11: 办公室保洁（女）
✅ 用户11: 推送5条职位

📊 推送完成: 共3个用户, 5条通知
[WECHAT] 发送给用户11: 废纸打包工
[WECHAT] 发送给用户11: 装卸工
[WECHAT] 发送给用户11: 生产操作工（普工）
[WECHAT] 发送给用户11: 机修
[WECHAT] 发送给用户11: 办公室保洁（女）
✅ 用户11: 推送5条职位

📊 推送完成: 共3个用户, 5条通知
[WECHAT] 发送给用户11: 废纸打包工
[WECHAT] 发送给用户11: 装卸工
[WECHAT] 发送给用户11: 生产操作工（普工）
[WECHAT] 发送给用户11: 机修
[WECHAT] 发送给用户11: 办公室保洁（女）
✅ 用户11: 推送5条职位

📊 推送完成: 共3个用户, 5条通知
[WECHAT] 发送给用户11: 废纸打包工
[WECHAT] 发送给用户11: 装卸工
[WECHAT] 发送给用户11: 生产操作工（普工）
[WECHAT] 发送给用户11: 机修
[WECHAT] 发送给用户11: 办公室保洁（女）
✅ 用户11: 推送5条职位

📊 推送完成: 共3个用户, 5条通知
[WECHAT] 发送给用户11: 废纸打包工
[WECHAT] 发送给用户11: 装卸工
[WECHAT] 发送给用户11: 生产操作工（普工）
[WECHAT] 发送给用户11: 机修
[WECHAT] 发送给用户11: 办公室保洁（女）
✅ 用户11: 推送5条职位

📊 推送完成: 共3个用户, 5条通知
[WECHAT] 发送给用户11: 废纸打包工
[WECHAT] 发送给用户11: 装卸工
[WECHAT] 发送给用户11: 生产操作工（普工）
[WECHAT] 发送给用户11: 机修
[WECHAT] 发送给用户11: 办公室保洁（女）
✅ 用户11: 推送5条职位

📊 推送完成: 共3个用户, 5条通知
[WECHAT] 发送给用户11: 废纸打包工
[WECHAT] 发送给用户11: 装卸工
[WECHAT] 发送给用户11: 生产操作工（普工）
[WECHAT] 发送给用户11: 机修
[WECHAT] 发送给用户11: 办公室保洁（女）
✅ 用户11: 推送5条职位

📊 推送完成: 共3个用户, 5条通知
[WECHAT] 发送给用户11: 废纸打包工
[WECHAT] 发送给用户11: 装卸工
[WECHAT] 发送给用户11: 生产操作工（普工）
[WECHAT] 发送给用户11: 机修
[WECHAT] 发送给用户11: 办公室保洁（女）
✅ 用户11: 推送5条职位

📊 推送完成: 共3个用户, 5条通知
[WECHAT] 发送给用户11: 废纸打包工
[WECHAT] 发送给用户11: 装卸工
[WECHAT] 发送给用户11: 生产操作工（普工）
[WECHAT] 发送给用户11: 机修
[WECHAT] 发送给用户11: 办公室保洁（女）
✅ 用户11: 推送5条职位

📊 推送完成: 共3个用户, 5条通知
[WECHAT] 发送给用户11: 废纸打包工
[WECHAT] 发送给用户11: 装卸工
[WECHAT] 发送给用户11: 生产操作工（普工）
[WECHAT] 发送给用户11: 机修
[WECHAT] 发送给用户11: 办公室保洁（女）
✅ 用户11: 推送5条职位

📊 推送完成: 共3个用户, 5条通知
[WECHAT] 发送给用户9: 废纸打包工
[WECHAT] 发送给用户9: 装卸工
[WECHAT] 发送给用户9: 生产操作工（普工）
[WECHAT] 发送给用户9: 机修
[WECHAT] 发送给用户9: 办公室保洁（女）
✅ 用户9: 推送5条职位
[WECHAT] 发送给用户11: 废纸打包工
[WECHAT] 发送给用户11: 装卸工
[WECHAT] 发送给用户11: 生产操作工（普工）
[WECHAT] 发送给用户11: 机修
[WECHAT] 发送给用户11: 办公室保洁（女）
✅ 用户11: 推送5条职位

📊 推送完成: 共3个用户, 10条通知
[WECHAT] 发送给用户11: 废纸打包工
[WECHAT] 发送给用户11: 装卸工
[WECHAT] 发送给用户11: 生产操作工（普工）
[WECHAT] 发送给用户11: 机修
[WECHAT] 发送给用户11: 办公室保洁（女）
✅ 用户11: 推送5条职位

📊 推送完成: 共3个用户, 5条通知
[WECHAT] 发送给用户11: 废纸打包工
[WECHAT] 发送给用户11: 装卸工
[WECHAT] 发送给用户11: 生产操作工（普工）
[WECHAT] 发送给用户11: 机修
[WECHAT] 发送给用户11: 办公室保洁（女）
✅ 用户11: 推送5条职位

📊 推送完成: 共3个用户, 5条通知
[WECHAT] 发送给用户11: 废纸打包工
[WECHAT] 发送给用户11: 装卸工
[WECHAT] 发送给用户11: 生产操作工（普工）
[WECHAT] 发送给用户11: 机修
[WECHAT] 发送给用户11: 办公室保洁（女）
✅ 用户11: 推送5条职位

📊 推送完成: 共3个用户, 5条通知
[WECHAT] 发送给用户11: 废纸打包工
[WECHAT] 发送给用户11: 装卸工
[WECHAT] 发送给用户11: 生产操作工（普工）
[WECHAT] 发送给用户11: 机修
[WECHAT] 发送给用户11: 办公室保洁（女）
✅ 用户11: 推送5条职位

📊 推送完成: 共3个用户, 5条通知
[WECHAT] 发送给用户11: 废纸打包工
[WECHAT] 发送给用户11: 装卸工
[WECHAT] 发送给用户11: 生产操作工（普工）
[WECHAT] 发送给用户11: 机修
[WECHAT] 发送给用户11: 办公室保洁（女）
✅ 用户11: 推送5条职位
✅ 用户13: 推送5条职位
✅ 用户14: 推送5条职位

📊 推送完成: 共5个用户, 15条通知
[WECHAT] 发送给用户11: 废纸打包工
[WECHAT] 发送给用户11: 装卸工
[WECHAT] 发送给用户11: 生产操作工（普工）
[WECHAT] 发送给用户11: 机修
[WECHAT] 发送给用户11: 办公室保洁（女）
✅ 用户11: 推送5条职位

📊 推送完成: 共5个用户, 5条通知
[WECHAT] 发送给用户11: 废纸打包工
[WECHAT] 发送给用户11: 装卸工
[WECHAT] 发送给用户11: 生产操作工（普工）
[WECHAT] 发送给用户11: 机修
[WECHAT] 发送给用户11: 办公室保洁（女）
✅ 用户11: 推送5条职位

📊 推送完成: 共5个用户, 5条通知
[WECHAT] 发送给用户11: 废纸打包工
[WECHAT] 发送给用户11: 装卸工
[WECHAT] 发送给用户11: 生产操作工（普工）
[WECHAT] 发送给用户11: 机修
[WECHAT] 发送给用户11: 办公室保洁（女）
✅ 用户11: 推送5条职位

📊 推送完成: 共5个用户, 5条通知
[WECHAT] 发送给用户11: 废纸打包工
[WECHAT] 发送给用户11: 装卸工
[WECHAT] 发送给用户11: 生产操作工（普工）
[WECHAT] 发送给用户11: 机修
[WECHAT] 发送给用户11: 办公室保洁（女）
✅ 用户11: 推送5条职位

📊 推送完成: 共5个用户, 5条通知
[WECHAT] 发送给用户11: 废纸打包工
[WECHAT] 发送给用户11: 装卸工
[WECHAT] 发送给用户11: 生产操作工（普工）
[WECHAT] 发送给用户11: 机修
[WECHAT] 发送给用户11: 办公室保洁（女）
✅ 用户11: 推送5条职位

📊 推送完成: 共5个用户, 5条通知
[WECHAT] 发送给用户11: 废纸打包工
[WECHAT] 发送给用户11: 装卸工
[WECHAT] 发送给用户11: 生产操作工（普工）
[WECHAT] 发送给用户11: 机修
[WECHAT] 发送给用户11: 办公室保洁（女）
✅ 用户11: 推送5条职位

📊 推送完成: 共5个用户, 5条通知
[WECHAT] 发送给用户11: 废纸打包工
[WECHAT] 发送给用户11: 装卸工
[WECHAT] 发送给用户11: 生产操作工（普工）
[WECHAT] 发送给用户11: 机修
[WECHAT] 发送给用户11: 办公室保洁（女）
✅ 用户11: 推送5条职位

📊 推送完成: 共5个用户, 5条通知
[WECHAT] 发送给用户11: 废纸打包工
[WECHAT] 发送给用户11: 装卸工
[WECHAT] 发送给用户11: 生产操作工（普工）
[WECHAT] 发送给用户11: 机修
[WECHAT] 发送给用户11: 办公室保洁（女）
✅ 用户11: 推送5条职位

📊 推送完成: 共5个用户, 5条通知
[WECHAT] 发送给用户11: 废纸打包工
[WECHAT] 发送给用户11: 装卸工
[WECHAT] 发送给用户11: 生产操作工（普工）
[WECHAT] 发送给用户11: 机修
[WECHAT] 发送给用户11: 办公室保洁（女）
✅ 用户11: 推送5条职位

📊 推送完成: 共5个用户, 5条通知
[WECHAT] 发送给用户11: 废纸打包工
[WECHAT] 发送给用户11: 装卸工
[WECHAT] 发送给用户11: 生产操作工（普工）
[WECHAT] 发送给用户11: 机修
[WECHAT] 发送给用户11: 办公室保洁（女）
✅ 用户11: 推送5条职位

📊 推送完成: 共5个用户, 5条通知
[WECHAT] 发送给用户11: 废纸打包工
[WECHAT] 发送给用户11: 装卸工
[WECHAT] 发送给用户11: 生产操作工（普工）
[WECHAT] 发送给用户11: 机修
[WECHAT] 发送给用户11: 办公室保洁（女）
✅ 用户11: 推送5条职位

📊 推送完成: 共5个用户, 5条通知
[WECHAT] 发送给用户11: 废纸打包工
[WECHAT] 发送给用户11: 装卸工
[WECHAT] 发送给用户11: 生产操作工（普工）
[WECHAT] 发送给用户11: 机修
[WECHAT] 发送给用户11: 办公室保洁（女）
✅ 用户11: 推送5条职位

📊 推送完成: 共5个用户, 5条通知
[WECHAT] 发送给用户11: 废纸打包工
[WECHAT] 发送给用户11: 装卸工
[WECHAT] 发送给用户11: 生产操作工（普工）
[WECHAT] 发送给用户11: 机修
[WECHAT] 发送给用户11: 办公室保洁（女）
✅ 用户11: 推送5条职位

📊 推送完成: 共5个用户, 5条通知
[WECHAT] 发送给用户11: 废纸打包工
[WECHAT] 发送给用户11: 装卸工
[WECHAT] 发送给用户11: 生产操作工（普工）
[WECHAT] 发送给用户11: 机修
[WECHAT] 发送给用户11: 办公室保洁（女）
✅ 用户11: 推送5条职位

📊 推送完成: 共5个用户, 5条通知
[WECHAT] 发送给用户11: 废纸打包工
[WECHAT] 发送给用户11: 装卸工
[WECHAT] 发送给用户11: 生产操作工（普工）
[WECHAT] 发送给用户11: 机修
[WECHAT] 发送给用户11: 办公室保洁（女）
✅ 用户11: 推送5条职位

📊 推送完成: 共5个用户, 5条通知
[WECHAT] 发送给用户11: 废纸打包工
[WECHAT] 发送给用户11: 装卸工
[WECHAT] 发送给用户11: 生产操作工（普工）
[WECHAT] 发送给用户11: 机修
[WECHAT] 发送给用户11: 办公室保洁（女）
✅ 用户11: 推送5条职位

📊 推送完成: 共5个用户, 5条通知
[WECHAT] 发送给用户11: 废纸打包工
[WECHAT] 发送给用户11: 装卸工
[WECHAT] 发送给用户11: 生产操作工（普工）
[WECHAT] 发送给用户11: 机修
[WECHAT] 发送给用户11: 办公室保洁（女）
✅ 用户11: 推送5条职位

📊 推送完成: 共5个用户, 5条通知
[WECHAT] 发送给用户11: 废纸打包工
[WECHAT] 发送给用户11: 装卸工
[WECHAT] 发送给用户11: 生产操作工（普工）
[WECHAT] 发送给用户11: 机修
[WECHAT] 发送给用户11: 办公室保洁（女）
✅ 用户11: 推送5条职位

📊 推送完成: 共5个用户, 5条通知
[WECHAT] 发送给用户9: 废纸打包工
[WECHAT] 发送给用户9: 装卸工
[WECHAT] 发送给用户9: 生产操作工（普工）
[WECHAT] 发送给用户9: 机修
[WECHAT] 发送给用户9: 办公室保洁（女）
✅ 用户9: 推送5条职位
[WECHAT] 发送给用户11: 废纸打包工
[WECHAT] 发送给用户11: 装卸工
[WECHAT] 发送给用户11: 生产操作工（普工）
[WECHAT] 发送给用户11: 机修
[WECHAT] 发送给用户11: 办公室保洁（女）
✅ 用户11: 推送5条职位

📊 推送完成: 共5个用户, 10条通知
[WECHAT] 发送给用户11: 废纸打包工
[WECHAT] 发送给用户11: 装卸工
[WECHAT] 发送给用户11: 生产操作工（普工）
[WECHAT] 发送给用户11: 机修
[WECHAT] 发送给用户11: 办公室保洁（女）
✅ 用户11: 推送5条职位

📊 推送完成: 共5个用户, 5条通知
[WECHAT] 发送给用户11: 废纸打包工
[WECHAT] 发送给用户11: 装卸工
[WECHAT] 发送给用户11: 生产操作工（普工）
[WECHAT] 发送给用户11: 机修
[WECHAT] 发送给用户11: 办公室保洁（女）
✅ 用户11: 推送5条职位

📊 推送完成: 共5个用户, 5条通知
[WECHAT] 发送给用户11: 废纸打包工
[WECHAT] 发送给用户11: 装卸工
[WECHAT] 发送给用户11: 生产操作工（普工）
[WECHAT] 发送给用户11: 机修
[WECHAT] 发送给用户11: 办公室保洁（女）
✅ 用户11: 推送5条职位

📊 推送完成: 共5个用户, 5条通知
[WECHAT] 发送给用户11: 废纸打包工
[WECHAT] 发送给用户11: 装卸工
[WECHAT] 发送给用户11: 生产操作工（普工）
[WECHAT] 发送给用户11: 机修
[WECHAT] 发送给用户11: 办公室保洁（女）
✅ 用户11: 推送5条职位

📊 推送完成: 共5个用户, 5条通知
[WECHAT] 发送给用户11: 废纸打包工
[WECHAT] 发送给用户11: 装卸工
[WECHAT] 发送给用户11: 生产操作工（普工）
[WECHAT] 发送给用户11: 机修
[WECHAT] 发送给用户11: 办公室保洁（女）
✅ 用户11: 推送5条职位
✅ 用户13: 推送5条职位
✅ 用户14: 推送5条职位

📊 推送完成: 共5个用户, 15条通知
[WECHAT] 发送给用户11: 废纸打包工
[WECHAT] 发送给用户11: 装卸工
[WECHAT] 发送给用户11: 生产操作工（普工）
[WECHAT] 发送给用户11: 机修
[WECHAT] 发送给用户11: 办公室保洁（女）
✅ 用户11: 推送5条职位

📊 推送完成: 共5个用户, 5条通知
[WECHAT] 发送给用户11: 废纸打包工
[WECHAT] 发送给用户11: 装卸工
[WECHAT] 发送给用户11: 生产操作工（普工）
[WECHAT] 发送给用户11: 机修
[WECHAT] 发送给用户11: 办公室保洁（女）
✅ 用户11: 推送5条职位

📊 推送完成: 共5个用户, 5条通知
[WECHAT] 发送给用户11: 废纸打包工
[WECHAT] 发送给用户11: 装卸工
[WECHAT] 发送给用户11: 生产操作工（普工）
[WECHAT] 发送给用户11: 机修
[WECHAT] 发送给用户11: 办公室保洁（女）
✅ 用户11: 推送5条职位

📊 推送完成: 共5个用户, 5条通知
[WECHAT] 发送给用户11: 业务人员
[WECHAT] 发送给用户11: 助理工程师
[WECHAT] 发送给用户11: 焊工
[WECHAT] 发送给用户11: 普工
[WECHAT] 发送给用户11: 开折边机操作工
✅ 用户11: 推送5条职位

📊 推送完成: 共5个用户, 5条通知
[WECHAT] 发送给用户11: 业务人员
[WECHAT] 发送给用户11: 助理工程师
[WECHAT] 发送给用户11: 焊工
[WECHAT] 发送给用户11: 普工
[WECHAT] 发送给用户11: 开折边机操作工
✅ 用户11: 推送5条职位

📊 推送完成: 共5个用户, 5条通知
[WECHAT] 发送给用户11: 业务人员
[WECHAT] 发送给用户11: 助理工程师
[WECHAT] 发送给用户11: 焊工
[WECHAT] 发送给用户11: 普工
[WECHAT] 发送给用户11: 开折边机操作工
✅ 用户11: 推送5条职位

📊 推送完成: 共5个用户, 5条通知
[WECHAT] 发送给用户11: 业务人员
[WECHAT] 发送给用户11: 助理工程师
[WECHAT] 发送给用户11: 焊工
[WECHAT] 发送给用户11: 普工
[WECHAT] 发送给用户11: 开折边机操作工
✅ 用户11: 推送5条职位

📊 推送完成: 共5个用户, 5条通知
[WECHAT] 发送给用户11: 业务人员
[WECHAT] 发送给用户11: 助理工程师
[WECHAT] 发送给用户11: 焊工
[WECHAT] 发送给用户11: 普工
[WECHAT] 发送给用户11: 开折边机操作工
✅ 用户11: 推送5条职位

📊 推送完成: 共5个用户, 5条通知
[WECHAT] 发送给用户11: 业务人员
[WECHAT] 发送给用户11: 助理工程师
[WECHAT] 发送给用户11: 焊工
[WECHAT] 发送给用户11: 普工
[WECHAT] 发送给用户11: 开折边机操作工
✅ 用户11: 推送5条职位

📊 推送完成: 共5个用户, 5条通知
[WECHAT] 发送给用户11: 业务人员
[WECHAT] 发送给用户11: 助理工程师
[WECHAT] 发送给用户11: 焊工
[WECHAT] 发送给用户11: 普工
[WECHAT] 发送给用户11: 开折边机操作工
✅ 用户11: 推送5条职位

📊 推送完成: 共5个用户, 5条通知
[WECHAT] 发送给用户11: 业务人员
[WECHAT] 发送给用户11: 助理工程师
[WECHAT] 发送给用户11: 焊工
[WECHAT] 发送给用户11: 普工
[WECHAT] 发送给用户11: 开折边机操作工
✅ 用户11: 推送5条职位

📊 推送完成: 共5个用户, 5条通知
[WECHAT] 发送给用户11: 业务人员
[WECHAT] 发送给用户11: 助理工程师
[WECHAT] 发送给用户11: 焊工
[WECHAT] 发送给用户11: 普工
[WECHAT] 发送给用户11: 开折边机操作工
✅ 用户11: 推送5条职位

📊 推送完成: 共5个用户, 5条通知
[WECHAT] 发送给用户11: 业务人员
[WECHAT] 发送给用户11: 助理工程师
[WECHAT] 发送给用户11: 焊工
[WECHAT] 发送给用户11: 普工
[WECHAT] 发送给用户11: 开折边机操作工
✅ 用户11: 推送5条职位

📊 推送完成: 共5个用户, 5条通知
[WECHAT] 发送给用户11: 业务人员
[WECHAT] 发送给用户11: 助理工程师
[WECHAT] 发送给用户11: 焊工
[WECHAT] 发送给用户11: 普工
[WECHAT] 发送给用户11: 开折边机操作工
✅ 用户11: 推送5条职位

📊 推送完成: 共5个用户, 5条通知
[WECHAT] 发送给用户11: 业务人员
[WECHAT] 发送给用户11: 助理工程师
[WECHAT] 发送给用户11: 焊工
[WECHAT] 发送给用户11: 普工
[WECHAT] 发送给用户11: 开折边机操作工
✅ 用户11: 推送5条职位

📊 推送完成: 共5个用户, 5条通知
[WECHAT] 发送给用户11: 业务人员
[WECHAT] 发送给用户11: 助理工程师
[WECHAT] 发送给用户11: 焊工
[WECHAT] 发送给用户11: 普工
[WECHAT] 发送给用户11: 开折边机操作工
✅ 用户11: 推送5条职位

📊 推送完成: 共5个用户, 5条通知
[WECHAT] 发送给用户11: 业务人员
[WECHAT] 发送给用户11: 助理工程师
[WECHAT] 发送给用户11: 焊工
[WECHAT] 发送给用户11: 普工
[WECHAT] 发送给用户11: 开折边机操作工
✅ 用户11: 推送5条职位

📊 推送完成: 共5个用户, 5条通知
[WECHAT] 发送给用户11: 业务人员
[WECHAT] 发送给用户11: 助理工程师
[WECHAT] 发送给用户11: 焊工
[WECHAT] 发送给用户11: 普工
[WECHAT] 发送给用户11: 开折边机操作工
✅ 用户11: 推送5条职位

📊 推送完成: 共5个用户, 5条通知
[WECHAT] 发送给用户9: 业务人员
[WECHAT] 发送给用户9: 助理工程师
[WECHAT] 发送给用户9: 焊工
[WECHAT] 发送给用户9: 普工
[WECHAT] 发送给用户9: 开折边机操作工
✅ 用户9: 推送5条职位
[WECHAT] 发送给用户11: 业务人员
[WECHAT] 发送给用户11: 助理工程师
[WECHAT] 发送给用户11: 焊工
[WECHAT] 发送给用户11: 普工
[WECHAT] 发送给用户11: 开折边机操作工
✅ 用户11: 推送5条职位

📊 推送完成: 共5个用户, 10条通知
[WECHAT] 发送给用户11: 业务人员
[WECHAT] 发送给用户11: 助理工程师
[WECHAT] 发送给用户11: 焊工
[WECHAT] 发送给用户11: 普工
[WECHAT] 发送给用户11: 开折边机操作工
✅ 用户11: 推送5条职位

📊 推送完成: 共5个用户, 5条通知
[WECHAT] 发送给用户11: 业务人员
[WECHAT] 发送给用户11: 助理工程师
[WECHAT] 发送给用户11: 焊工
[WECHAT] 发送给用户11: 普工
[WECHAT] 发送给用户11: 开折边机操作工
✅ 用户11: 推送5条职位

📊 推送完成: 共5个用户, 5条通知
[WECHAT] 发送给用户11: 业务人员
[WECHAT] 发送给用户11: 助理工程师
[WECHAT] 发送给用户11: 焊工
[WECHAT] 发送给用户11: 普工
[WECHAT] 发送给用户11: 开折边机操作工
✅ 用户11: 推送5条职位

📊 推送完成: 共5个用户, 5条通知
[WECHAT] 发送给用户11: 业务人员
[WECHAT] 发送给用户11: 助理工程师
[WECHAT] 发送给用户11: 焊工
[WECHAT] 发送给用户11: 普工
[WECHAT] 发送给用户11: 开折边机操作工
✅ 用户11: 推送5条职位

📊 推送完成: 共5个用户, 5条通知
[WECHAT] 发送给用户11: 业务人员
[WECHAT] 发送给用户11: 助理工程师
[WECHAT] 发送给用户11: 焊工
[WECHAT] 发送给用户11: 普工
[WECHAT] 发送给用户11: 开折边机操作工
✅ 用户11: 推送5条职位
✅ 用户13: 推送5条职位
✅ 用户14: 推送5条职位

📊 推送完成: 共5个用户, 15条通知
[WECHAT] 发送给用户11: 业务人员
[WECHAT] 发送给用户11: 助理工程师
[WECHAT] 发送给用户11: 焊工
[WECHAT] 发送给用户11: 普工
[WECHAT] 发送给用户11: 开折边机操作工
✅ 用户11: 推送5条职位

📊 推送完成: 共5个用户, 5条通知
[WECHAT] 发送给用户11: 业务人员
[WECHAT] 发送给用户11: 助理工程师
[WECHAT] 发送给用户11: 焊工
[WECHAT] 发送给用户11: 普工
[WECHAT] 发送给用户11: 开折边机操作工
✅ 用户11: 推送5条职位

📊 推送完成: 共5个用户, 5条通知
[WECHAT] 发送给用户11: 业务人员
[WECHAT] 发送给用户11: 助理工程师
[WECHAT] 发送给用户11: 焊工
[WECHAT] 发送给用户11: 普工
[WECHAT] 发送给用户11: 开折边机操作工
✅ 用户11: 推送5条职位

📊 推送完成: 共5个用户, 5条通知
[WECHAT] 发送给用户11: 业务人员
[WECHAT] 发送给用户11: 助理工程师
[WECHAT] 发送给用户11: 焊工
[WECHAT] 发送给用户11: 普工
[WECHAT] 发送给用户11: 开折边机操作工
✅ 用户11: 推送5条职位

📊 推送完成: 共5个用户, 5条通知
[WECHAT] 发送给用户11: 业务人员
[WECHAT] 发送给用户11: 助理工程师
[WECHAT] 发送给用户11: 焊工
[WECHAT] 发送给用户11: 普工
[WECHAT] 发送给用户11: 开折边机操作工
✅ 用户11: 推送5条职位

📊 推送完成: 共5个用户, 5条通知
[WECHAT] 发送给用户11: 业务人员
[WECHAT] 发送给用户11: 助理工程师
[WECHAT] 发送给用户11: 焊工
[WECHAT] 发送给用户11: 普工
[WECHAT] 发送给用户11: 开折边机操作工
✅ 用户11: 推送5条职位

📊 推送完成: 共5个用户, 5条通知
[WECHAT] 发送给用户11: 业务人员
[WECHAT] 发送给用户11: 助理工程师
[WECHAT] 发送给用户11: 焊工
[WECHAT] 发送给用户11: 普工
[WECHAT] 发送给用户11: 开折边机操作工
✅ 用户11: 推送5条职位

📊 推送完成: 共5个用户, 5条通知
[WECHAT] 发送给用户11: 业务人员
[WECHAT] 发送给用户11: 助理工程师
[WECHAT] 发送给用户11: 焊工
[WECHAT] 发送给用户11: 普工
[WECHAT] 发送给用户11: 开折边机操作工
✅ 用户11: 推送5条职位

📊 推送完成: 共5个用户, 5条通知
[WECHAT] 发送给用户11: 业务人员
[WECHAT] 发送给用户11: 助理工程师
[WECHAT] 发送给用户11: 焊工
[WECHAT] 发送给用户11: 普工
[WECHAT] 发送给用户11: 开折边机操作工
✅ 用户11: 推送5条职位

📊 推送完成: 共5个用户, 5条通知
[WECHAT] 发送给用户11: 业务人员
[WECHAT] 发送给用户11: 助理工程师
[WECHAT] 发送给用户11: 焊工
[WECHAT] 发送给用户11: 普工
[WECHAT] 发送给用户11: 开折边机操作工
✅ 用户11: 推送5条职位

📊 推送完成: 共5个用户, 5条通知
[WECHAT] 发送给用户11: 业务人员
[WECHAT] 发送给用户11: 助理工程师
[WECHAT] 发送给用户11: 焊工
[WECHAT] 发送给用户11: 普工
[WECHAT] 发送给用户11: 开折边机操作工
✅ 用户11: 推送5条职位

📊 推送完成: 共5个用户, 5条通知
[WECHAT] 发送给用户11: 业务人员
[WECHAT] 发送给用户11: 助理工程师
[WECHAT] 发送给用户11: 焊工
[WECHAT] 发送给用户11: 普工
[WECHAT] 发送给用户11: 开折边机操作工
✅ 用户11: 推送5条职位

📊 推送完成: 共5个用户, 5条通知
[WECHAT] 发送给用户11: 业务人员
[WECHAT] 发送给用户11: 助理工程师
[WECHAT] 发送给用户11: 焊工
[WECHAT] 发送给用户11: 普工
[WECHAT] 发送给用户11: 开折边机操作工
✅ 用户11: 推送5条职位

📊 推送完成: 共5个用户, 5条通知
[WECHAT] 发送给用户11: 业务人员
[WECHAT] 发送给用户11: 助理工程师
[WECHAT] 发送给用户11: 焊工
[WECHAT] 发送给用户11: 普工
[WECHAT] 发送给用户11: 开折边机操作工
✅ 用户11: 推送5条职位

📊 推送完成: 共5个用户, 5条通知
[WECHAT] 发送给用户11: 业务人员
[WECHAT] 发送给用户11: 助理工程师
[WECHAT] 发送给用户11: 焊工
[WECHAT] 发送给用户11: 普工
[WECHAT] 发送给用户11: 开折边机操作工
✅ 用户11: 推送5条职位

📊 推送完成: 共5个用户, 5条通知
[WECHAT] 发送给用户11: 业务人员
[WECHAT] 发送给用户11: 助理工程师
[WECHAT] 发送给用户11: 焊工
[WECHAT] 发送给用户11: 普工
[WECHAT] 发送给用户11: 开折边机操作工
✅ 用户11: 推送5条职位

📊 推送完成: 共5个用户, 5条通知
[WECHAT] 发送给用户11: 业务人员
[WECHAT] 发送给用户11: 助理工程师
[WECHAT] 发送给用户11: 焊工
[WECHAT] 发送给用户11: 普工
[WECHAT] 发送给用户11: 开折边机操作工
✅ 用户11: 推送5条职位

📊 推送完成: 共5个用户, 5条通知
[WECHAT] 发送给用户11: 业务人员
[WECHAT] 发送给用户11: 助理工程师
[WECHAT] 发送给用户11: 焊工
[WECHAT] 发送给用户11: 普工
[WECHAT] 发送给用户11: 开折边机操作工
✅ 用户11: 推送5条职位

📊 推送完成: 共5个用户, 5条通知
[WECHAT] 发送给用户9: 业务人员
[WECHAT] 发送给用户9: 助理工程师
[WECHAT] 发送给用户9: 焊工
[WECHAT] 发送给用户9: 普工
[WECHAT] 发送给用户9: 开折边机操作工
✅ 用户9: 推送5条职位
[WECHAT] 发送给用户11: 业务人员
[WECHAT] 发送给用户11: 助理工程师
[WECHAT] 发送给用户11: 焊工
[WECHAT] 发送给用户11: 普工
[WECHAT] 发送给用户11: 开折边机操作工
✅ 用户11: 推送5条职位

📊 推送完成: 共5个用户, 10条通知
[WECHAT] 发送给用户11: 业务人员
[WECHAT] 发送给用户11: 助理工程师
[WECHAT] 发送给用户11: 焊工
[WECHAT] 发送给用户11: 普工
[WECHAT] 发送给用户11: 开折边机操作工
✅ 用户11: 推送5条职位

📊 推送完成: 共5个用户, 5条通知
[WECHAT] 发送给用户11: 业务人员
[WECHAT] 发送给用户11: 助理工程师
[WECHAT] 发送给用户11: 焊工
[WECHAT] 发送给用户11: 普工
[WECHAT] 发送给用户11: 开折边机操作工
✅ 用户11: 推送5条职位

📊 推送完成: 共5个用户, 5条通知
[WECHAT] 发送给用户11: 业务人员
[WECHAT] 发送给用户11: 助理工程师
[WECHAT] 发送给用户11: 焊工
[WECHAT] 发送给用户11: 普工
[WECHAT] 发送给用户11: 开折边机操作工
✅ 用户11: 推送5条职位

📊 推送完成: 共5个用户, 5条通知
[WECHAT] 发送给用户11: 业务人员
[WECHAT] 发送给用户11: 助理工程师
[WECHAT] 发送给用户11: 焊工
[WECHAT] 发送给用户11: 普工
[WECHAT] 发送给用户11: 开折边机操作工
✅ 用户11: 推送5条职位

📊 推送完成: 共5个用户, 5条通知
Traceback (most recent call last):
  File "/home/ubuntu/hermes-web/push_worker.py", line 155, in <module>
    run_push_job()
  File "/home/ubuntu/hermes-web/push_worker.py", line 141, in run_push_job
    users = conn.execute("SELECT user_id FROM user_push_settings WHERE push_enabled=1").fetchall()
            ^^^^^^^^^^^^^^^^^^^^^^^^^^^^^^^^^^^^^^^^^^^^^^^^^^^^^^^^^^^^^^^^^^^^^^^^^^^
sqlite3.OperationalError: no such table: user_push_settings
Traceback (most recent call last):
  File "/home/ubuntu/hermes-web/push_worker.py", line 155, in <module>
    run_push_job()
  File "/home/ubuntu/hermes-web/push_worker.py", line 141, in run_push_job
    users = conn.execute("SELECT user_id FROM user_push_settings WHERE push_enabled=1").fetchall()
            ^^^^^^^^^^^^^^^^^^^^^^^^^^^^^^^^^^^^^^^^^^^^^^^^^^^^^^^^^^^^^^^^^^^^^^^^^^^
sqlite3.OperationalError: no such table: user_push_settings
Traceback (most recent call last):
  File "/home/ubuntu/hermes-web/push_worker.py", line 155, in <module>
    run_push_job()
  File "/home/ubuntu/hermes-web/push_worker.py", line 141, in run_push_job
    users = conn.execute("SELECT user_id FROM user_push_settings WHERE push_enabled=1").fetchall()
            ^^^^^^^^^^^^^^^^^^^^^^^^^^^^^^^^^^^^^^^^^^^^^^^^^^^^^^^^^^^^^^^^^^^^^^^^^^^
sqlite3.OperationalError: no such table: user_push_settings
Traceback (most recent call last):
  File "/home/ubuntu/hermes-web/push_worker.py", line 155, in <module>
    run_push_job()
  File "/home/ubuntu/hermes-web/push_worker.py", line 141, in run_push_job
    users = conn.execute("SELECT user_id FROM user_push_settings WHERE push_enabled=1").fetchall()
            ^^^^^^^^^^^^^^^^^^^^^^^^^^^^^^^^^^^^^^^^^^^^^^^^^^^^^^^^^^^^^^^^^^^^^^^^^^^
sqlite3.OperationalError: no such table: user_push_settings
Traceback (most recent call last):
  File "/home/ubuntu/hermes-web/push_worker.py", line 155, in <module>
    run_push_job()
  File "/home/ubuntu/hermes-web/push_worker.py", line 141, in run_push_job
    users = conn.execute("SELECT user_id FROM user_push_settings WHERE push_enabled=1").fetchall()
            ^^^^^^^^^^^^^^^^^^^^^^^^^^^^^^^^^^^^^^^^^^^^^^^^^^^^^^^^^^^^^^^^^^^^^^^^^^^
sqlite3.OperationalError: no such table: user_push_settings
Traceback (most recent call last):
  File "/home/ubuntu/hermes-web/push_worker.py", line 155, in <module>
    run_push_job()
  File "/home/ubuntu/hermes-web/push_worker.py", line 141, in run_push_job
    users = conn.execute("SELECT user_id FROM user_push_settings WHERE push_enabled=1").fetchall()
            ^^^^^^^^^^^^^^^^^^^^^^^^^^^^^^^^^^^^^^^^^^^^^^^^^^^^^^^^^^^^^^^^^^^^^^^^^^^
sqlite3.OperationalError: no such table: user_push_settings
Traceback (most recent call last):
  File "/home/ubuntu/hermes-web/push_worker.py", line 155, in <module>
    run_push_job()
  File "/home/ubuntu/hermes-web/push_worker.py", line 141, in run_push_job
    users = conn.execute("SELECT user_id FROM user_push_settings WHERE push_enabled=1").fetchall()
            ^^^^^^^^^^^^^^^^^^^^^^^^^^^^^^^^^^^^^^^^^^^^^^^^^^^^^^^^^^^^^^^^^^^^^^^^^^^
sqlite3.OperationalError: no such table: user_push_settings
Traceback (most recent call last):
  File "/home/ubuntu/hermes-web/push_worker.py", line 155, in <module>
    run_push_job()
  File "/home/ubuntu/hermes-web/push_worker.py", line 141, in run_push_job
    users = conn.execute("SELECT user_id FROM user_push_settings WHERE push_enabled=1").fetchall()
            ^^^^^^^^^^^^^^^^^^^^^^^^^^^^^^^^^^^^^^^^^^^^^^^^^^^^^^^^^^^^^^^^^^^^^^^^^^^
sqlite3.OperationalError: no such table: user_push_settings
Traceback (most recent call last):
  File "/home/ubuntu/hermes-web/push_worker.py", line 155, in <module>
    run_push_job()
  File "/home/ubuntu/hermes-web/push_worker.py", line 141, in run_push_job
    users = conn.execute("SELECT user_id FROM user_push_settings WHERE push_enabled=1").fetchall()
            ^^^^^^^^^^^^^^^^^^^^^^^^^^^^^^^^^^^^^^^^^^^^^^^^^^^^^^^^^^^^^^^^^^^^^^^^^^^
sqlite3.OperationalError: no such table: user_push_settings
Traceback (most recent call last):
  File "/home/ubuntu/hermes-web/push_worker.py", line 155, in <module>
    run_push_job()
  File "/home/ubuntu/hermes-web/push_worker.py", line 141, in run_push_job
    users = conn.execute("SELECT user_id FROM user_push_settings WHERE push_enabled=1").fetchall()
            ^^^^^^^^^^^^^^^^^^^^^^^^^^^^^^^^^^^^^^^^^^^^^^^^^^^^^^^^^^^^^^^^^^^^^^^^^^^
sqlite3.OperationalError: no such table: user_push_settings
Traceback (most recent call last):
  File "/home/ubuntu/hermes-web/push_worker.py", line 155, in <module>
    run_push_job()
  File "/home/ubuntu/hermes-web/push_worker.py", line 141, in run_push_job
    users = conn.execute("SELECT user_id FROM user_push_settings WHERE push_enabled=1").fetchall()
            ^^^^^^^^^^^^^^^^^^^^^^^^^^^^^^^^^^^^^^^^^^^^^^^^^^^^^^^^^^^^^^^^^^^^^^^^^^^
sqlite3.OperationalError: no such table: user_push_settings
Traceback (most recent call last):
  File "/home/ubuntu/hermes-web/push_worker.py", line 155, in <module>
    run_push_job()
  File "/home/ubuntu/hermes-web/push_worker.py", line 141, in run_push_job
    users = conn.execute("SELECT user_id FROM user_push_settings WHERE push_enabled=1").fetchall()
            ^^^^^^^^^^^^^^^^^^^^^^^^^^^^^^^^^^^^^^^^^^^^^^^^^^^^^^^^^^^^^^^^^^^^^^^^^^^
sqlite3.OperationalError: no such table: user_push_settings
Traceback (most recent call last):
  File "/home/ubuntu/hermes-web/push_worker.py", line 155, in <module>
    run_push_job()
  File "/home/ubuntu/hermes-web/push_worker.py", line 141, in run_push_job
    users = conn.execute("SELECT user_id FROM user_push_settings WHERE push_enabled=1").fetchall()
            ^^^^^^^^^^^^^^^^^^^^^^^^^^^^^^^^^^^^^^^^^^^^^^^^^^^^^^^^^^^^^^^^^^^^^^^^^^^
sqlite3.OperationalError: no such table: user_push_settings
Traceback (most recent call last):
  File "/home/ubuntu/hermes-web/push_worker.py", line 155, in <module>
    run_push_job()
  File "/home/ubuntu/hermes-web/push_worker.py", line 141, in run_push_job
    users = conn.execute("SELECT user_id FROM user_push_settings WHERE push_enabled=1").fetchall()
            ^^^^^^^^^^^^^^^^^^^^^^^^^^^^^^^^^^^^^^^^^^^^^^^^^^^^^^^^^^^^^^^^^^^^^^^^^^^
sqlite3.OperationalError: no such table: user_push_settings
Traceback (most recent call last):
  File "/home/ubuntu/hermes-web/push_worker.py", line 155, in <module>
    run_push_job()
  File "/home/ubuntu/hermes-web/push_worker.py", line 141, in run_push_job
    users = conn.execute("SELECT user_id FROM user_push_settings WHERE push_enabled=1").fetchall()
            ^^^^^^^^^^^^^^^^^^^^^^^^^^^^^^^^^^^^^^^^^^^^^^^^^^^^^^^^^^^^^^^^^^^^^^^^^^^
sqlite3.OperationalError: no such table: user_push_settings
Traceback (most recent call last):
  File "/home/ubuntu/hermes-web/push_worker.py", line 155, in <module>
    run_push_job()
  File "/home/ubuntu/hermes-web/push_worker.py", line 141, in run_push_job
    users = conn.execute("SELECT user_id FROM user_push_settings WHERE push_enabled=1").fetchall()
            ^^^^^^^^^^^^^^^^^^^^^^^^^^^^^^^^^^^^^^^^^^^^^^^^^^^^^^^^^^^^^^^^^^^^^^^^^^^
sqlite3.OperationalError: no such table: user_push_settings
Traceback (most recent call last):
  File "/home/ubuntu/hermes-web/push_worker.py", line 155, in <module>
    run_push_job()
  File "/home/ubuntu/hermes-web/push_worker.py", line 141, in run_push_job
    users = conn.execute("SELECT user_id FROM user_push_settings WHERE push_enabled=1").fetchall()
            ^^^^^^^^^^^^^^^^^^^^^^^^^^^^^^^^^^^^^^^^^^^^^^^^^^^^^^^^^^^^^^^^^^^^^^^^^^^
sqlite3.OperationalError: no such table: user_push_settings
Traceback (most recent call last):
  File "/home/ubuntu/hermes-web/push_worker.py", line 155, in <module>
    run_push_job()
  File "/home/ubuntu/hermes-web/push_worker.py", line 141, in run_push_job
    users = conn.execute("SELECT user_id FROM user_push_settings WHERE push_enabled=1").fetchall()
            ^^^^^^^^^^^^^^^^^^^^^^^^^^^^^^^^^^^^^^^^^^^^^^^^^^^^^^^^^^^^^^^^^^^^^^^^^^^
sqlite3.OperationalError: no such table: user_push_settings
Traceback (most recent call last):
  File "/home/ubuntu/hermes-web/push_worker.py", line 155, in <module>
    run_push_job()
  File "/home/ubuntu/hermes-web/push_worker.py", line 141, in run_push_job
    users = conn.execute("SELECT user_id FROM user_push_settings WHERE push_enabled=1").fetchall()
            ^^^^^^^^^^^^^^^^^^^^^^^^^^^^^^^^^^^^^^^^^^^^^^^^^^^^^^^^^^^^^^^^^^^^^^^^^^^
sqlite3.OperationalError: no such table: user_push_settings
Traceback (most recent call last):
  File "/home/ubuntu/hermes-web/push_worker.py", line 155, in <module>
    run_push_job()
  File "/home/ubuntu/hermes-web/push_worker.py", line 141, in run_push_job
    users = conn.execute("SELECT user_id FROM user_push_settings WHERE push_enabled=1").fetchall()
            ^^^^^^^^^^^^^^^^^^^^^^^^^^^^^^^^^^^^^^^^^^^^^^^^^^^^^^^^^^^^^^^^^^^^^^^^^^^
sqlite3.OperationalError: no such table: user_push_settings
Traceback (most recent call last):
  File "/home/ubuntu/hermes-web/push_worker.py", line 155, in <module>
    run_push_job()
  File "/home/ubuntu/hermes-web/push_worker.py", line 141, in run_push_job
    users = conn.execute("SELECT user_id FROM user_push_settings WHERE push_enabled=1").fetchall()
            ^^^^^^^^^^^^^^^^^^^^^^^^^^^^^^^^^^^^^^^^^^^^^^^^^^^^^^^^^^^^^^^^^^^^^^^^^^^
sqlite3.OperationalError: no such table: user_push_settings
Traceback (most recent call last):
  File "/home/ubuntu/hermes-web/push_worker.py", line 155, in <module>
    run_push_job()
  File "/home/ubuntu/hermes-web/push_worker.py", line 141, in run_push_job
    users = conn.execute("SELECT user_id FROM user_push_settings WHERE push_enabled=1").fetchall()
            ^^^^^^^^^^^^^^^^^^^^^^^^^^^^^^^^^^^^^^^^^^^^^^^^^^^^^^^^^^^^^^^^^^^^^^^^^^^
sqlite3.OperationalError: no such table: user_push_settings
Traceback (most recent call last):
  File "/home/ubuntu/hermes-web/push_worker.py", line 155, in <module>
    run_push_job()
  File "/home/ubuntu/hermes-web/push_worker.py", line 141, in run_push_job
    users = conn.execute("SELECT user_id FROM user_push_settings WHERE push_enabled=1").fetchall()
            ^^^^^^^^^^^^^^^^^^^^^^^^^^^^^^^^^^^^^^^^^^^^^^^^^^^^^^^^^^^^^^^^^^^^^^^^^^^
sqlite3.OperationalError: no such table: user_push_settings
Traceback (most recent call last):
  File "/home/ubuntu/hermes-web/push_worker.py", line 155, in <module>
    run_push_job()
  File "/home/ubuntu/hermes-web/push_worker.py", line 141, in run_push_job
    users = conn.execute("SELECT user_id FROM user_push_settings WHERE push_enabled=1").fetchall()
            ^^^^^^^^^^^^^^^^^^^^^^^^^^^^^^^^^^^^^^^^^^^^^^^^^^^^^^^^^^^^^^^^^^^^^^^^^^^
sqlite3.OperationalError: no such table: user_push_settings
Traceback (most recent call last):
  File "/home/ubuntu/hermes-web/push_worker.py", line 155, in <module>
    run_push_job()
  File "/home/ubuntu/hermes-web/push_worker.py", line 141, in run_push_job
    users = conn.execute("SELECT user_id FROM user_push_settings WHERE push_enabled=1").fetchall()
            ^^^^^^^^^^^^^^^^^^^^^^^^^^^^^^^^^^^^^^^^^^^^^^^^^^^^^^^^^^^^^^^^^^^^^^^^^^^
sqlite3.OperationalError: no such table: user_push_settings
Traceback (most recent call last):
  File "/home/ubuntu/hermes-web/push_worker.py", line 155, in <module>
    run_push_job()
  File "/home/ubuntu/hermes-web/push_worker.py", line 141, in run_push_job
    users = conn.execute("SELECT user_id FROM user_push_settings WHERE push_enabled=1").fetchall()
            ^^^^^^^^^^^^^^^^^^^^^^^^^^^^^^^^^^^^^^^^^^^^^^^^^^^^^^^^^^^^^^^^^^^^^^^^^^^
sqlite3.OperationalError: no such table: user_push_settings
Traceback (most recent call last):
  File "/home/ubuntu/hermes-web/push_worker.py", line 155, in <module>
    run_push_job()
  File "/home/ubuntu/hermes-web/push_worker.py", line 141, in run_push_job
    users = conn.execute("SELECT user_id FROM user_push_settings WHERE push_enabled=1").fetchall()
            ^^^^^^^^^^^^^^^^^^^^^^^^^^^^^^^^^^^^^^^^^^^^^^^^^^^^^^^^^^^^^^^^^^^^^^^^^^^
sqlite3.OperationalError: no such table: user_push_settings
Traceback (most recent call last):
  File "/home/ubuntu/hermes-web/push_worker.py", line 155, in <module>
    run_push_job()
  File "/home/ubuntu/hermes-web/push_worker.py", line 141, in run_push_job
    users = conn.execute("SELECT user_id FROM user_push_settings WHERE push_enabled=1").fetchall()
            ^^^^^^^^^^^^^^^^^^^^^^^^^^^^^^^^^^^^^^^^^^^^^^^^^^^^^^^^^^^^^^^^^^^^^^^^^^^
sqlite3.OperationalError: no such table: user_push_settings
Traceback (most recent call last):
  File "/home/ubuntu/hermes-web/push_worker.py", line 155, in <module>
    run_push_job()
  File "/home/ubuntu/hermes-web/push_worker.py", line 141, in run_push_job
    users = conn.execute("SELECT user_id FROM user_push_settings WHERE push_enabled=1").fetchall()
            ^^^^^^^^^^^^^^^^^^^^^^^^^^^^^^^^^^^^^^^^^^^^^^^^^^^^^^^^^^^^^^^^^^^^^^^^^^^
sqlite3.OperationalError: no such table: user_push_settings
Traceback (most recent call last):
  File "/home/ubuntu/hermes-web/push_worker.py", line 155, in <module>
    run_push_job()
  File "/home/ubuntu/hermes-web/push_worker.py", line 141, in run_push_job
    users = conn.execute("SELECT user_id FROM user_push_settings WHERE push_enabled=1").fetchall()
            ^^^^^^^^^^^^^^^^^^^^^^^^^^^^^^^^^^^^^^^^^^^^^^^^^^^^^^^^^^^^^^^^^^^^^^^^^^^
sqlite3.OperationalError: no such table: user_push_settings
Traceback (most recent call last):
  File "/home/ubuntu/hermes-web/push_worker.py", line 155, in <module>
    run_push_job()
  File "/home/ubuntu/hermes-web/push_worker.py", line 141, in run_push_job
    users = conn.execute("SELECT user_id FROM user_push_settings WHERE push_enabled=1").fetchall()
            ^^^^^^^^^^^^^^^^^^^^^^^^^^^^^^^^^^^^^^^^^^^^^^^^^^^^^^^^^^^^^^^^^^^^^^^^^^^
sqlite3.OperationalError: no such table: user_push_settings
Traceback (most recent call last):
  File "/home/ubuntu/hermes-web/push_worker.py", line 155, in <module>
    run_push_job()
  File "/home/ubuntu/hermes-web/push_worker.py", line 141, in run_push_job
    users = conn.execute("SELECT user_id FROM user_push_settings WHERE push_enabled=1").fetchall()
            ^^^^^^^^^^^^^^^^^^^^^^^^^^^^^^^^^^^^^^^^^^^^^^^^^^^^^^^^^^^^^^^^^^^^^^^^^^^
sqlite3.OperationalError: no such table: user_push_settings
Traceback (most recent call last):
  File "/home/ubuntu/hermes-web/push_worker.py", line 155, in <module>
    run_push_job()
  File "/home/ubuntu/hermes-web/push_worker.py", line 141, in run_push_job
    users = conn.execute("SELECT user_id FROM user_push_settings WHERE push_enabled=1").fetchall()
            ^^^^^^^^^^^^^^^^^^^^^^^^^^^^^^^^^^^^^^^^^^^^^^^^^^^^^^^^^^^^^^^^^^^^^^^^^^^
sqlite3.OperationalError: no such table: user_push_settings
Traceback (most recent call last):
  File "/home/ubuntu/hermes-web/push_worker.py", line 155, in <module>
    run_push_job()
  File "/home/ubuntu/hermes-web/push_worker.py", line 141, in run_push_job
    users = conn.execute("SELECT user_id FROM user_push_settings WHERE push_enabled=1").fetchall()
            ^^^^^^^^^^^^^^^^^^^^^^^^^^^^^^^^^^^^^^^^^^^^^^^^^^^^^^^^^^^^^^^^^^^^^^^^^^^
sqlite3.OperationalError: no such table: user_push_settings
Traceback (most recent call last):
  File "/home/ubuntu/hermes-web/push_worker.py", line 155, in <module>
    run_push_job()
  File "/home/ubuntu/hermes-web/push_worker.py", line 141, in run_push_job
    users = conn.execute("SELECT user_id FROM user_push_settings WHERE push_enabled=1").fetchall()
            ^^^^^^^^^^^^^^^^^^^^^^^^^^^^^^^^^^^^^^^^^^^^^^^^^^^^^^^^^^^^^^^^^^^^^^^^^^^
sqlite3.OperationalError: no such table: user_push_settings
Traceback (most recent call last):
  File "/home/ubuntu/hermes-web/push_worker.py", line 155, in <module>
    run_push_job()
  File "/home/ubuntu/hermes-web/push_worker.py", line 141, in run_push_job
    users = conn.execute("SELECT user_id FROM user_push_settings WHERE push_enabled=1").fetchall()
            ^^^^^^^^^^^^^^^^^^^^^^^^^^^^^^^^^^^^^^^^^^^^^^^^^^^^^^^^^^^^^^^^^^^^^^^^^^^
sqlite3.OperationalError: no such table: user_push_settings
Traceback (most recent call last):
  File "/home/ubuntu/hermes-web/push_worker.py", line 155, in <module>
    run_push_job()
  File "/home/ubuntu/hermes-web/push_worker.py", line 141, in run_push_job
    users = conn.execute("SELECT user_id FROM user_push_settings WHERE push_enabled=1").fetchall()
            ^^^^^^^^^^^^^^^^^^^^^^^^^^^^^^^^^^^^^^^^^^^^^^^^^^^^^^^^^^^^^^^^^^^^^^^^^^^
sqlite3.OperationalError: no such table: user_push_settings
Traceback (most recent call last):
  File "/home/ubuntu/hermes-web/push_worker.py", line 155, in <module>
    run_push_job()
  File "/home/ubuntu/hermes-web/push_worker.py", line 141, in run_push_job
    users = conn.execute("SELECT user_id FROM user_push_settings WHERE push_enabled=1").fetchall()
            ^^^^^^^^^^^^^^^^^^^^^^^^^^^^^^^^^^^^^^^^^^^^^^^^^^^^^^^^^^^^^^^^^^^^^^^^^^^
sqlite3.OperationalError: no such table: user_push_settings
Traceback (most recent call last):
  File "/home/ubuntu/hermes-web/push_worker.py", line 155, in <module>
    run_push_job()
  File "/home/ubuntu/hermes-web/push_worker.py", line 141, in run_push_job
    users = conn.execute("SELECT user_id FROM user_push_settings WHERE push_enabled=1").fetchall()
            ^^^^^^^^^^^^^^^^^^^^^^^^^^^^^^^^^^^^^^^^^^^^^^^^^^^^^^^^^^^^^^^^^^^^^^^^^^^
sqlite3.OperationalError: no such table: user_push_settings
Traceback (most recent call last):
  File "/home/ubuntu/hermes-web/push_worker.py", line 155, in <module>
    run_push_job()
  File "/home/ubuntu/hermes-web/push_worker.py", line 141, in run_push_job
    users = conn.execute("SELECT user_id FROM user_push_settings WHERE push_enabled=1").fetchall()
            ^^^^^^^^^^^^^^^^^^^^^^^^^^^^^^^^^^^^^^^^^^^^^^^^^^^^^^^^^^^^^^^^^^^^^^^^^^^
sqlite3.OperationalError: no such table: user_push_settings
Traceback (most recent call last):
  File "/home/ubuntu/hermes-web/push_worker.py", line 155, in <module>
    run_push_job()
  File "/home/ubuntu/hermes-web/push_worker.py", line 141, in run_push_job
    users = conn.execute("SELECT user_id FROM user_push_settings WHERE push_enabled=1").fetchall()
            ^^^^^^^^^^^^^^^^^^^^^^^^^^^^^^^^^^^^^^^^^^^^^^^^^^^^^^^^^^^^^^^^^^^^^^^^^^^
sqlite3.OperationalError: no such table: user_push_settings
Traceback (most recent call last):
  File "/home/ubuntu/hermes-web/push_worker.py", line 155, in <module>
    run_push_job()
  File "/home/ubuntu/hermes-web/push_worker.py", line 141, in run_push_job
    users = conn.execute("SELECT user_id FROM user_push_settings WHERE push_enabled=1").fetchall()
            ^^^^^^^^^^^^^^^^^^^^^^^^^^^^^^^^^^^^^^^^^^^^^^^^^^^^^^^^^^^^^^^^^^^^^^^^^^^
sqlite3.OperationalError: no such table: user_push_settings
Traceback (most recent call last):
  File "/home/ubuntu/hermes-web/push_worker.py", line 155, in <module>
    run_push_job()
  File "/home/ubuntu/hermes-web/push_worker.py", line 141, in run_push_job
    users = conn.execute("SELECT user_id FROM user_push_settings WHERE push_enabled=1").fetchall()
            ^^^^^^^^^^^^^^^^^^^^^^^^^^^^^^^^^^^^^^^^^^^^^^^^^^^^^^^^^^^^^^^^^^^^^^^^^^^
sqlite3.OperationalError: no such table: user_push_settings
Traceback (most recent call last):
  File "/home/ubuntu/hermes-web/push_worker.py", line 155, in <module>
    run_push_job()
  File "/home/ubuntu/hermes-web/push_worker.py", line 141, in run_push_job
    users = conn.execute("SELECT user_id FROM user_push_settings WHERE push_enabled=1").fetchall()
            ^^^^^^^^^^^^^^^^^^^^^^^^^^^^^^^^^^^^^^^^^^^^^^^^^^^^^^^^^^^^^^^^^^^^^^^^^^^
sqlite3.OperationalError: no such table: user_push_settings
Traceback (most recent call last):
  File "/home/ubuntu/hermes-web/push_worker.py", line 155, in <module>
    run_push_job()
  File "/home/ubuntu/hermes-web/push_worker.py", line 141, in run_push_job
    users = conn.execute("SELECT user_id FROM user_push_settings WHERE push_enabled=1").fetchall()
            ^^^^^^^^^^^^^^^^^^^^^^^^^^^^^^^^^^^^^^^^^^^^^^^^^^^^^^^^^^^^^^^^^^^^^^^^^^^
sqlite3.OperationalError: no such table: user_push_settings
Traceback (most recent call last):
  File "/home/ubuntu/hermes-web/push_worker.py", line 155, in <module>
    run_push_job()
  File "/home/ubuntu/hermes-web/push_worker.py", line 141, in run_push_job
    users = conn.execute("SELECT user_id FROM user_push_settings WHERE push_enabled=1").fetchall()
            ^^^^^^^^^^^^^^^^^^^^^^^^^^^^^^^^^^^^^^^^^^^^^^^^^^^^^^^^^^^^^^^^^^^^^^^^^^^
sqlite3.OperationalError: no such table: user_push_settings
Traceback (most recent call last):
  File "/home/ubuntu/hermes-web/push_worker.py", line 155, in <module>
    run_push_job()
  File "/home/ubuntu/hermes-web/push_worker.py", line 141, in run_push_job
    users = conn.execute("SELECT user_id FROM user_push_settings WHERE push_enabled=1").fetchall()
            ^^^^^^^^^^^^^^^^^^^^^^^^^^^^^^^^^^^^^^^^^^^^^^^^^^^^^^^^^^^^^^^^^^^^^^^^^^^
sqlite3.OperationalError: no such table: user_push_settings
Traceback (most recent call last):
  File "/home/ubuntu/hermes-web/push_worker.py", line 155, in <module>
    run_push_job()
  File "/home/ubuntu/hermes-web/push_worker.py", line 141, in run_push_job
    users = conn.execute("SELECT user_id FROM user_push_settings WHERE push_enabled=1").fetchall()
            ^^^^^^^^^^^^^^^^^^^^^^^^^^^^^^^^^^^^^^^^^^^^^^^^^^^^^^^^^^^^^^^^^^^^^^^^^^^
sqlite3.OperationalError: no such table: user_push_settings
Traceback (most recent call last):
  File "/home/ubuntu/hermes-web/push_worker.py", line 155, in <module>
    run_push_job()
  File "/home/ubuntu/hermes-web/push_worker.py", line 141, in run_push_job
    users = conn.execute("SELECT user_id FROM user_push_settings WHERE push_enabled=1").fetchall()
            ^^^^^^^^^^^^^^^^^^^^^^^^^^^^^^^^^^^^^^^^^^^^^^^^^^^^^^^^^^^^^^^^^^^^^^^^^^^
sqlite3.OperationalError: no such table: user_push_settings
Traceback (most recent call last):
  File "/home/ubuntu/hermes-web/push_worker.py", line 155, in <module>
    run_push_job()
  File "/home/ubuntu/hermes-web/push_worker.py", line 141, in run_push_job
    users = conn.execute("SELECT user_id FROM user_push_settings WHERE push_enabled=1").fetchall()
            ^^^^^^^^^^^^^^^^^^^^^^^^^^^^^^^^^^^^^^^^^^^^^^^^^^^^^^^^^^^^^^^^^^^^^^^^^^^
sqlite3.OperationalError: no such table: user_push_settings
Traceback (most recent call last):
  File "/home/ubuntu/hermes-web/push_worker.py", line 155, in <module>
    run_push_job()
  File "/home/ubuntu/hermes-web/push_worker.py", line 141, in run_push_job
    users = conn.execute("SELECT user_id FROM user_push_settings WHERE push_enabled=1").fetchall()
            ^^^^^^^^^^^^^^^^^^^^^^^^^^^^^^^^^^^^^^^^^^^^^^^^^^^^^^^^^^^^^^^^^^^^^^^^^^^
sqlite3.OperationalError: no such table: user_push_settings
Traceback (most recent call last):
  File "/home/ubuntu/hermes-web/push_worker.py", line 155, in <module>
    run_push_job()
  File "/home/ubuntu/hermes-web/push_worker.py", line 141, in run_push_job
    users = conn.execute("SELECT user_id FROM user_push_settings WHERE push_enabled=1").fetchall()
            ^^^^^^^^^^^^^^^^^^^^^^^^^^^^^^^^^^^^^^^^^^^^^^^^^^^^^^^^^^^^^^^^^^^^^^^^^^^
sqlite3.OperationalError: no such table: user_push_settings
Traceback (most recent call last):
  File "/home/ubuntu/hermes-web/push_worker.py", line 155, in <module>
    run_push_job()
  File "/home/ubuntu/hermes-web/push_worker.py", line 141, in run_push_job
    users = conn.execute("SELECT user_id FROM user_push_settings WHERE push_enabled=1").fetchall()
            ^^^^^^^^^^^^^^^^^^^^^^^^^^^^^^^^^^^^^^^^^^^^^^^^^^^^^^^^^^^^^^^^^^^^^^^^^^^
sqlite3.OperationalError: no such table: user_push_settings
Traceback (most recent call last):
  File "/home/ubuntu/hermes-web/push_worker.py", line 155, in <module>
    run_push_job()
  File "/home/ubuntu/hermes-web/push_worker.py", line 141, in run_push_job
    users = conn.execute("SELECT user_id FROM user_push_settings WHERE push_enabled=1").fetchall()
            ^^^^^^^^^^^^^^^^^^^^^^^^^^^^^^^^^^^^^^^^^^^^^^^^^^^^^^^^^^^^^^^^^^^^^^^^^^^
sqlite3.OperationalError: no such table: user_push_settings
Traceback (most recent call last):
  File "/home/ubuntu/hermes-web/push_worker.py", line 155, in <module>
    run_push_job()
  File "/home/ubuntu/hermes-web/push_worker.py", line 141, in run_push_job
    users = conn.execute("SELECT user_id FROM user_push_settings WHERE push_enabled=1").fetchall()
            ^^^^^^^^^^^^^^^^^^^^^^^^^^^^^^^^^^^^^^^^^^^^^^^^^^^^^^^^^^^^^^^^^^^^^^^^^^^
sqlite3.OperationalError: no such table: user_push_settings
Traceback (most recent call last):
  File "/home/ubuntu/hermes-web/push_worker.py", line 155, in <module>
    run_push_job()
  File "/home/ubuntu/hermes-web/push_worker.py", line 141, in run_push_job
    users = conn.execute("SELECT user_id FROM user_push_settings WHERE push_enabled=1").fetchall()
            ^^^^^^^^^^^^^^^^^^^^^^^^^^^^^^^^^^^^^^^^^^^^^^^^^^^^^^^^^^^^^^^^^^^^^^^^^^^
sqlite3.OperationalError: no such table: user_push_settings
Traceback (most recent call last):
  File "/home/ubuntu/hermes-web/push_worker.py", line 155, in <module>
    run_push_job()
  File "/home/ubuntu/hermes-web/push_worker.py", line 141, in run_push_job
    users = conn.execute("SELECT user_id FROM user_push_settings WHERE push_enabled=1").fetchall()
            ^^^^^^^^^^^^^^^^^^^^^^^^^^^^^^^^^^^^^^^^^^^^^^^^^^^^^^^^^^^^^^^^^^^^^^^^^^^
sqlite3.OperationalError: no such table: user_push_settings
Traceback (most recent call last):
  File "/home/ubuntu/hermes-web/push_worker.py", line 155, in <module>
    run_push_job()
  File "/home/ubuntu/hermes-web/push_worker.py", line 141, in run_push_job
    users = conn.execute("SELECT user_id FROM user_push_settings WHERE push_enabled=1").fetchall()
            ^^^^^^^^^^^^^^^^^^^^^^^^^^^^^^^^^^^^^^^^^^^^^^^^^^^^^^^^^^^^^^^^^^^^^^^^^^^
sqlite3.OperationalError: no such table: user_push_settings
Traceback (most recent call last):
  File "/home/ubuntu/hermes-web/push_worker.py", line 155, in <module>
    run_push_job()
  File "/home/ubuntu/hermes-web/push_worker.py", line 141, in run_push_job
    users = conn.execute("SELECT user_id FROM user_push_settings WHERE push_enabled=1").fetchall()
            ^^^^^^^^^^^^^^^^^^^^^^^^^^^^^^^^^^^^^^^^^^^^^^^^^^^^^^^^^^^^^^^^^^^^^^^^^^^
sqlite3.OperationalError: no such table: user_push_settings
Traceback (most recent call last):
  File "/home/ubuntu/hermes-web/push_worker.py", line 155, in <module>
    run_push_job()
  File "/home/ubuntu/hermes-web/push_worker.py", line 141, in run_push_job
    users = conn.execute("SELECT user_id FROM user_push_settings WHERE push_enabled=1").fetchall()
            ^^^^^^^^^^^^^^^^^^^^^^^^^^^^^^^^^^^^^^^^^^^^^^^^^^^^^^^^^^^^^^^^^^^^^^^^^^^
sqlite3.OperationalError: no such table: user_push_settings
Traceback (most recent call last):
  File "/home/ubuntu/hermes-web/push_worker.py", line 155, in <module>
    run_push_job()
  File "/home/ubuntu/hermes-web/push_worker.py", line 141, in run_push_job
    users = conn.execute("SELECT user_id FROM user_push_settings WHERE push_enabled=1").fetchall()
            ^^^^^^^^^^^^^^^^^^^^^^^^^^^^^^^^^^^^^^^^^^^^^^^^^^^^^^^^^^^^^^^^^^^^^^^^^^^
sqlite3.OperationalError: no such table: user_push_settings
Traceback (most recent call last):
  File "/home/ubuntu/hermes-web/push_worker.py", line 155, in <module>
    run_push_job()
  File "/home/ubuntu/hermes-web/push_worker.py", line 141, in run_push_job
    users = conn.execute("SELECT user_id FROM user_push_settings WHERE push_enabled=1").fetchall()
            ^^^^^^^^^^^^^^^^^^^^^^^^^^^^^^^^^^^^^^^^^^^^^^^^^^^^^^^^^^^^^^^^^^^^^^^^^^^
sqlite3.OperationalError: no such table: user_push_settings
Traceback (most recent call last):
  File "/home/ubuntu/hermes-web/push_worker.py", line 155, in <module>
    run_push_job()
  File "/home/ubuntu/hermes-web/push_worker.py", line 141, in run_push_job
    users = conn.execute("SELECT user_id FROM user_push_settings WHERE push_enabled=1").fetchall()
            ^^^^^^^^^^^^^^^^^^^^^^^^^^^^^^^^^^^^^^^^^^^^^^^^^^^^^^^^^^^^^^^^^^^^^^^^^^^
sqlite3.OperationalError: no such table: user_push_settings
Traceback (most recent call last):
  File "/home/ubuntu/hermes-web/push_worker.py", line 155, in <module>
    run_push_job()
  File "/home/ubuntu/hermes-web/push_worker.py", line 141, in run_push_job
    users = conn.execute("SELECT user_id FROM user_push_settings WHERE push_enabled=1").fetchall()
            ^^^^^^^^^^^^^^^^^^^^^^^^^^^^^^^^^^^^^^^^^^^^^^^^^^^^^^^^^^^^^^^^^^^^^^^^^^^
sqlite3.OperationalError: no such table: user_push_settings
Traceback (most recent call last):
  File "/home/ubuntu/hermes-web/push_worker.py", line 155, in <module>
    run_push_job()
  File "/home/ubuntu/hermes-web/push_worker.py", line 141, in run_push_job
    users = conn.execute("SELECT user_id FROM user_push_settings WHERE push_enabled=1").fetchall()
            ^^^^^^^^^^^^^^^^^^^^^^^^^^^^^^^^^^^^^^^^^^^^^^^^^^^^^^^^^^^^^^^^^^^^^^^^^^^
sqlite3.OperationalError: no such table: user_push_settings
Traceback (most recent call last):
  File "/home/ubuntu/hermes-web/push_worker.py", line 155, in <module>
    run_push_job()
  File "/home/ubuntu/hermes-web/push_worker.py", line 141, in run_push_job
    users = conn.execute("SELECT user_id FROM user_push_settings WHERE push_enabled=1").fetchall()
            ^^^^^^^^^^^^^^^^^^^^^^^^^^^^^^^^^^^^^^^^^^^^^^^^^^^^^^^^^^^^^^^^^^^^^^^^^^^
sqlite3.OperationalError: no such table: user_push_settings
Traceback (most recent call last):
  File "/home/ubuntu/hermes-web/push_worker.py", line 155, in <module>
    run_push_job()
  File "/home/ubuntu/hermes-web/push_worker.py", line 141, in run_push_job
    users = conn.execute("SELECT user_id FROM user_push_settings WHERE push_enabled=1").fetchall()
            ^^^^^^^^^^^^^^^^^^^^^^^^^^^^^^^^^^^^^^^^^^^^^^^^^^^^^^^^^^^^^^^^^^^^^^^^^^^
sqlite3.OperationalError: no such table: user_push_settings
Traceback (most recent call last):
  File "/home/ubuntu/hermes-web/push_worker.py", line 155, in <module>
    run_push_job()
  File "/home/ubuntu/hermes-web/push_worker.py", line 141, in run_push_job
    users = conn.execute("SELECT user_id FROM user_push_settings WHERE push_enabled=1").fetchall()
            ^^^^^^^^^^^^^^^^^^^^^^^^^^^^^^^^^^^^^^^^^^^^^^^^^^^^^^^^^^^^^^^^^^^^^^^^^^^
sqlite3.OperationalError: no such table: user_push_settings
Traceback (most recent call last):
  File "/home/ubuntu/hermes-web/push_worker.py", line 155, in <module>
    run_push_job()
  File "/home/ubuntu/hermes-web/push_worker.py", line 141, in run_push_job
    users = conn.execute("SELECT user_id FROM user_push_settings WHERE push_enabled=1").fetchall()
            ^^^^^^^^^^^^^^^^^^^^^^^^^^^^^^^^^^^^^^^^^^^^^^^^^^^^^^^^^^^^^^^^^^^^^^^^^^^
sqlite3.OperationalError: no such table: user_push_settings
Traceback (most recent call last):
  File "/home/ubuntu/hermes-web/push_worker.py", line 155, in <module>
    run_push_job()
  File "/home/ubuntu/hermes-web/push_worker.py", line 141, in run_push_job
    users = conn.execute("SELECT user_id FROM user_push_settings WHERE push_enabled=1").fetchall()
            ^^^^^^^^^^^^^^^^^^^^^^^^^^^^^^^^^^^^^^^^^^^^^^^^^^^^^^^^^^^^^^^^^^^^^^^^^^^
sqlite3.OperationalError: no such table: user_push_settings
Traceback (most recent call last):
  File "/home/ubuntu/hermes-web/push_worker.py", line 155, in <module>
    run_push_job()
  File "/home/ubuntu/hermes-web/push_worker.py", line 141, in run_push_job
    users = conn.execute("SELECT user_id FROM user_push_settings WHERE push_enabled=1").fetchall()
            ^^^^^^^^^^^^^^^^^^^^^^^^^^^^^^^^^^^^^^^^^^^^^^^^^^^^^^^^^^^^^^^^^^^^^^^^^^^
sqlite3.OperationalError: no such table: user_push_settings
Traceback (most recent call last):
  File "/home/ubuntu/hermes-web/push_worker.py", line 155, in <module>
    run_push_job()
  File "/home/ubuntu/hermes-web/push_worker.py", line 141, in run_push_job
    users = conn.execute("SELECT user_id FROM user_push_settings WHERE push_enabled=1").fetchall()
            ^^^^^^^^^^^^^^^^^^^^^^^^^^^^^^^^^^^^^^^^^^^^^^^^^^^^^^^^^^^^^^^^^^^^^^^^^^^
sqlite3.OperationalError: no such table: user_push_settings
Traceback (most recent call last):
  File "/home/ubuntu/hermes-web/push_worker.py", line 155, in <module>
    run_push_job()
  File "/home/ubuntu/hermes-web/push_worker.py", line 141, in run_push_job
    users = conn.execute("SELECT user_id FROM user_push_settings WHERE push_enabled=1").fetchall()
            ^^^^^^^^^^^^^^^^^^^^^^^^^^^^^^^^^^^^^^^^^^^^^^^^^^^^^^^^^^^^^^^^^^^^^^^^^^^
sqlite3.OperationalError: no such table: user_push_settings
Traceback (most recent call last):
  File "/home/ubuntu/hermes-web/push_worker.py", line 155, in <module>
    run_push_job()
  File "/home/ubuntu/hermes-web/push_worker.py", line 141, in run_push_job
    users = conn.execute("SELECT user_id FROM user_push_settings WHERE push_enabled=1").fetchall()
            ^^^^^^^^^^^^^^^^^^^^^^^^^^^^^^^^^^^^^^^^^^^^^^^^^^^^^^^^^^^^^^^^^^^^^^^^^^^
sqlite3.OperationalError: no such table: user_push_settings
Traceback (most recent call last):
  File "/home/ubuntu/hermes-web/push_worker.py", line 155, in <module>
    run_push_job()
  File "/home/ubuntu/hermes-web/push_worker.py", line 141, in run_push_job
    users = conn.execute("SELECT user_id FROM user_push_settings WHERE push_enabled=1").fetchall()
            ^^^^^^^^^^^^^^^^^^^^^^^^^^^^^^^^^^^^^^^^^^^^^^^^^^^^^^^^^^^^^^^^^^^^^^^^^^^
sqlite3.OperationalError: no such table: user_push_settings
Traceback (most recent call last):
  File "/home/ubuntu/hermes-web/push_worker.py", line 155, in <module>
    run_push_job()
  File "/home/ubuntu/hermes-web/push_worker.py", line 141, in run_push_job
    users = conn.execute("SELECT user_id FROM user_push_settings WHERE push_enabled=1").fetchall()
            ^^^^^^^^^^^^^^^^^^^^^^^^^^^^^^^^^^^^^^^^^^^^^^^^^^^^^^^^^^^^^^^^^^^^^^^^^^^
sqlite3.OperationalError: no such table: user_push_settings
Traceback (most recent call last):
  File "/home/ubuntu/hermes-web/push_worker.py", line 155, in <module>
    run_push_job()
  File "/home/ubuntu/hermes-web/push_worker.py", line 141, in run_push_job
    users = conn.execute("SELECT user_id FROM user_push_settings WHERE push_enabled=1").fetchall()
            ^^^^^^^^^^^^^^^^^^^^^^^^^^^^^^^^^^^^^^^^^^^^^^^^^^^^^^^^^^^^^^^^^^^^^^^^^^^
sqlite3.OperationalError: no such table: user_push_settings
Traceback (most recent call last):
  File "/home/ubuntu/hermes-web/push_worker.py", line 155, in <module>
    run_push_job()
  File "/home/ubuntu/hermes-web/push_worker.py", line 141, in run_push_job
    users = conn.execute("SELECT user_id FROM user_push_settings WHERE push_enabled=1").fetchall()
            ^^^^^^^^^^^^^^^^^^^^^^^^^^^^^^^^^^^^^^^^^^^^^^^^^^^^^^^^^^^^^^^^^^^^^^^^^^^
sqlite3.OperationalError: no such table: user_push_settings
Traceback (most recent call last):
  File "/home/ubuntu/hermes-web/push_worker.py", line 155, in <module>
    run_push_job()
  File "/home/ubuntu/hermes-web/push_worker.py", line 141, in run_push_job
    users = conn.execute("SELECT user_id FROM user_push_settings WHERE push_enabled=1").fetchall()
            ^^^^^^^^^^^^^^^^^^^^^^^^^^^^^^^^^^^^^^^^^^^^^^^^^^^^^^^^^^^^^^^^^^^^^^^^^^^
sqlite3.OperationalError: no such table: user_push_settings
Traceback (most recent call last):
  File "/home/ubuntu/hermes-web/push_worker.py", line 155, in <module>
    run_push_job()
  File "/home/ubuntu/hermes-web/push_worker.py", line 141, in run_push_job
    users = conn.execute("SELECT user_id FROM user_push_settings WHERE push_enabled=1").fetchall()
            ^^^^^^^^^^^^^^^^^^^^^^^^^^^^^^^^^^^^^^^^^^^^^^^^^^^^^^^^^^^^^^^^^^^^^^^^^^^
sqlite3.OperationalError: no such table: user_push_settings
Traceback (most recent call last):
  File "/home/ubuntu/hermes-web/push_worker.py", line 155, in <module>
    run_push_job()
  File "/home/ubuntu/hermes-web/push_worker.py", line 141, in run_push_job
    users = conn.execute("SELECT user_id FROM user_push_settings WHERE push_enabled=1").fetchall()
            ^^^^^^^^^^^^^^^^^^^^^^^^^^^^^^^^^^^^^^^^^^^^^^^^^^^^^^^^^^^^^^^^^^^^^^^^^^^
sqlite3.OperationalError: no such table: user_push_settings
Traceback (most recent call last):
  File "/home/ubuntu/hermes-web/push_worker.py", line 155, in <module>
    run_push_job()
  File "/home/ubuntu/hermes-web/push_worker.py", line 141, in run_push_job
    users = conn.execute("SELECT user_id FROM user_push_settings WHERE push_enabled=1").fetchall()
            ^^^^^^^^^^^^^^^^^^^^^^^^^^^^^^^^^^^^^^^^^^^^^^^^^^^^^^^^^^^^^^^^^^^^^^^^^^^
sqlite3.OperationalError: no such table: user_push_settings
Traceback (most recent call last):
  File "/home/ubuntu/hermes-web/push_worker.py", line 155, in <module>
    run_push_job()
  File "/home/ubuntu/hermes-web/push_worker.py", line 141, in run_push_job
    users = conn.execute("SELECT user_id FROM user_push_settings WHERE push_enabled=1").fetchall()
            ^^^^^^^^^^^^^^^^^^^^^^^^^^^^^^^^^^^^^^^^^^^^^^^^^^^^^^^^^^^^^^^^^^^^^^^^^^^
sqlite3.OperationalError: no such table: user_push_settings
Traceback (most recent call last):
  File "/home/ubuntu/hermes-web/push_worker.py", line 155, in <module>
    run_push_job()
  File "/home/ubuntu/hermes-web/push_worker.py", line 141, in run_push_job
    users = conn.execute("SELECT user_id FROM user_push_settings WHERE push_enabled=1").fetchall()
            ^^^^^^^^^^^^^^^^^^^^^^^^^^^^^^^^^^^^^^^^^^^^^^^^^^^^^^^^^^^^^^^^^^^^^^^^^^^
sqlite3.OperationalError: no such table: user_push_settings
Traceback (most recent call last):
  File "/home/ubuntu/hermes-web/push_worker.py", line 155, in <module>
    run_push_job()
  File "/home/ubuntu/hermes-web/push_worker.py", line 141, in run_push_job
    users = conn.execute("SELECT user_id FROM user_push_settings WHERE push_enabled=1").fetchall()
            ^^^^^^^^^^^^^^^^^^^^^^^^^^^^^^^^^^^^^^^^^^^^^^^^^^^^^^^^^^^^^^^^^^^^^^^^^^^
sqlite3.OperationalError: no such table: user_push_settings
Traceback (most recent call last):
  File "/home/ubuntu/hermes-web/push_worker.py", line 155, in <module>
    run_push_job()
  File "/home/ubuntu/hermes-web/push_worker.py", line 141, in run_push_job
    users = conn.execute("SELECT user_id FROM user_push_settings WHERE push_enabled=1").fetchall()
            ^^^^^^^^^^^^^^^^^^^^^^^^^^^^^^^^^^^^^^^^^^^^^^^^^^^^^^^^^^^^^^^^^^^^^^^^^^^
sqlite3.OperationalError: no such table: user_push_settings
Traceback (most recent call last):
  File "/home/ubuntu/hermes-web/push_worker.py", line 155, in <module>
    run_push_job()
  File "/home/ubuntu/hermes-web/push_worker.py", line 141, in run_push_job
    users = conn.execute("SELECT user_id FROM user_push_settings WHERE push_enabled=1").fetchall()
            ^^^^^^^^^^^^^^^^^^^^^^^^^^^^^^^^^^^^^^^^^^^^^^^^^^^^^^^^^^^^^^^^^^^^^^^^^^^
sqlite3.OperationalError: no such table: user_push_settings
Traceback (most recent call last):
  File "/home/ubuntu/hermes-web/push_worker.py", line 155, in <module>
    run_push_job()
  File "/home/ubuntu/hermes-web/push_worker.py", line 141, in run_push_job
    users = conn.execute("SELECT user_id FROM user_push_settings WHERE push_enabled=1").fetchall()
            ^^^^^^^^^^^^^^^^^^^^^^^^^^^^^^^^^^^^^^^^^^^^^^^^^^^^^^^^^^^^^^^^^^^^^^^^^^^
sqlite3.OperationalError: no such table: user_push_settings
Traceback (most recent call last):
  File "/home/ubuntu/hermes-web/push_worker.py", line 155, in <module>
    run_push_job()
  File "/home/ubuntu/hermes-web/push_worker.py", line 141, in run_push_job
    users = conn.execute("SELECT user_id FROM user_push_settings WHERE push_enabled=1").fetchall()
            ^^^^^^^^^^^^^^^^^^^^^^^^^^^^^^^^^^^^^^^^^^^^^^^^^^^^^^^^^^^^^^^^^^^^^^^^^^^
sqlite3.OperationalError: no such table: user_push_settings
Traceback (most recent call last):
  File "/home/ubuntu/hermes-web/push_worker.py", line 155, in <module>
    run_push_job()
  File "/home/ubuntu/hermes-web/push_worker.py", line 141, in run_push_job
    users = conn.execute("SELECT user_id FROM user_push_settings WHERE push_enabled=1").fetchall()
            ^^^^^^^^^^^^^^^^^^^^^^^^^^^^^^^^^^^^^^^^^^^^^^^^^^^^^^^^^^^^^^^^^^^^^^^^^^^
sqlite3.OperationalError: no such table: user_push_settings
Traceback (most recent call last):
  File "/home/ubuntu/hermes-web/push_worker.py", line 155, in <module>
    run_push_job()
  File "/home/ubuntu/hermes-web/push_worker.py", line 141, in run_push_job
    users = conn.execute("SELECT user_id FROM user_push_settings WHERE push_enabled=1").fetchall()
            ^^^^^^^^^^^^^^^^^^^^^^^^^^^^^^^^^^^^^^^^^^^^^^^^^^^^^^^^^^^^^^^^^^^^^^^^^^^
sqlite3.OperationalError: no such table: user_push_settings
Traceback (most recent call last):
  File "/home/ubuntu/hermes-web/push_worker.py", line 155, in <module>
    run_push_job()
  File "/home/ubuntu/hermes-web/push_worker.py", line 141, in run_push_job
    users = conn.execute("SELECT user_id FROM user_push_settings WHERE push_enabled=1").fetchall()
            ^^^^^^^^^^^^^^^^^^^^^^^^^^^^^^^^^^^^^^^^^^^^^^^^^^^^^^^^^^^^^^^^^^^^^^^^^^^
sqlite3.OperationalError: no such table: user_push_settings
Traceback (most recent call last):
  File "/home/ubuntu/hermes-web/push_worker.py", line 155, in <module>
    run_push_job()
  File "/home/ubuntu/hermes-web/push_worker.py", line 141, in run_push_job
    users = conn.execute("SELECT user_id FROM user_push_settings WHERE push_enabled=1").fetchall()
            ^^^^^^^^^^^^^^^^^^^^^^^^^^^^^^^^^^^^^^^^^^^^^^^^^^^^^^^^^^^^^^^^^^^^^^^^^^^
sqlite3.OperationalError: no such table: user_push_settings
Traceback (most recent call last):
  File "/home/ubuntu/hermes-web/push_worker.py", line 155, in <module>
    run_push_job()
  File "/home/ubuntu/hermes-web/push_worker.py", line 141, in run_push_job
    users = conn.execute("SELECT user_id FROM user_push_settings WHERE push_enabled=1").fetchall()
            ^^^^^^^^^^^^^^^^^^^^^^^^^^^^^^^^^^^^^^^^^^^^^^^^^^^^^^^^^^^^^^^^^^^^^^^^^^^
sqlite3.OperationalError: no such table: user_push_settings
Traceback (most recent call last):
  File "/home/ubuntu/hermes-web/push_worker.py", line 155, in <module>
    run_push_job()
  File "/home/ubuntu/hermes-web/push_worker.py", line 141, in run_push_job
    users = conn.execute("SELECT user_id FROM user_push_settings WHERE push_enabled=1").fetchall()
            ^^^^^^^^^^^^^^^^^^^^^^^^^^^^^^^^^^^^^^^^^^^^^^^^^^^^^^^^^^^^^^^^^^^^^^^^^^^
sqlite3.OperationalError: no such table: user_push_settings
Traceback (most recent call last):
  File "/home/ubuntu/hermes-web/push_worker.py", line 155, in <module>
    run_push_job()
  File "/home/ubuntu/hermes-web/push_worker.py", line 141, in run_push_job
    users = conn.execute("SELECT user_id FROM user_push_settings WHERE push_enabled=1").fetchall()
            ^^^^^^^^^^^^^^^^^^^^^^^^^^^^^^^^^^^^^^^^^^^^^^^^^^^^^^^^^^^^^^^^^^^^^^^^^^^
sqlite3.OperationalError: no such table: user_push_settings
Traceback (most recent call last):
  File "/home/ubuntu/hermes-web/push_worker.py", line 155, in <module>
    run_push_job()
  File "/home/ubuntu/hermes-web/push_worker.py", line 141, in run_push_job
    users = conn.execute("SELECT user_id FROM user_push_settings WHERE push_enabled=1").fetchall()
            ^^^^^^^^^^^^^^^^^^^^^^^^^^^^^^^^^^^^^^^^^^^^^^^^^^^^^^^^^^^^^^^^^^^^^^^^^^^
sqlite3.OperationalError: no such table: user_push_settings
Traceback (most recent call last):
  File "/home/ubuntu/hermes-web/push_worker.py", line 155, in <module>
    run_push_job()
  File "/home/ubuntu/hermes-web/push_worker.py", line 141, in run_push_job
    users = conn.execute("SELECT user_id FROM user_push_settings WHERE push_enabled=1").fetchall()
            ^^^^^^^^^^^^^^^^^^^^^^^^^^^^^^^^^^^^^^^^^^^^^^^^^^^^^^^^^^^^^^^^^^^^^^^^^^^
sqlite3.OperationalError: no such table: user_push_settings
Traceback (most recent call last):
  File "/home/ubuntu/hermes-web/push_worker.py", line 155, in <module>
    run_push_job()
  File "/home/ubuntu/hermes-web/push_worker.py", line 141, in run_push_job
    users = conn.execute("SELECT user_id FROM user_push_settings WHERE push_enabled=1").fetchall()
            ^^^^^^^^^^^^^^^^^^^^^^^^^^^^^^^^^^^^^^^^^^^^^^^^^^^^^^^^^^^^^^^^^^^^^^^^^^^
sqlite3.OperationalError: no such table: user_push_settings
Traceback (most recent call last):
  File "/home/ubuntu/hermes-web/push_worker.py", line 155, in <module>
    run_push_job()
  File "/home/ubuntu/hermes-web/push_worker.py", line 141, in run_push_job
    users = conn.execute("SELECT user_id FROM user_push_settings WHERE push_enabled=1").fetchall()
            ^^^^^^^^^^^^^^^^^^^^^^^^^^^^^^^^^^^^^^^^^^^^^^^^^^^^^^^^^^^^^^^^^^^^^^^^^^^
sqlite3.OperationalError: no such table: user_push_settings
Traceback (most recent call last):
  File "/home/ubuntu/hermes-web/push_worker.py", line 155, in <module>
    run_push_job()
  File "/home/ubuntu/hermes-web/push_worker.py", line 141, in run_push_job
    users = conn.execute("SELECT user_id FROM user_push_settings WHERE push_enabled=1").fetchall()
            ^^^^^^^^^^^^^^^^^^^^^^^^^^^^^^^^^^^^^^^^^^^^^^^^^^^^^^^^^^^^^^^^^^^^^^^^^^^
sqlite3.OperationalError: no such table: user_push_settings
Traceback (most recent call last):
  File "/home/ubuntu/hermes-web/push_worker.py", line 155, in <module>
    run_push_job()
  File "/home/ubuntu/hermes-web/push_worker.py", line 141, in run_push_job
    users = conn.execute("SELECT user_id FROM user_push_settings WHERE push_enabled=1").fetchall()
            ^^^^^^^^^^^^^^^^^^^^^^^^^^^^^^^^^^^^^^^^^^^^^^^^^^^^^^^^^^^^^^^^^^^^^^^^^^^
sqlite3.OperationalError: no such table: user_push_settings
Traceback (most recent call last):
  File "/home/ubuntu/hermes-web/push_worker.py", line 155, in <module>
    run_push_job()
  File "/home/ubuntu/hermes-web/push_worker.py", line 141, in run_push_job
    users = conn.execute("SELECT user_id FROM user_push_settings WHERE push_enabled=1").fetchall()
            ^^^^^^^^^^^^^^^^^^^^^^^^^^^^^^^^^^^^^^^^^^^^^^^^^^^^^^^^^^^^^^^^^^^^^^^^^^^
sqlite3.OperationalError: no such table: user_push_settings
Traceback (most recent call last):
  File "/home/ubuntu/hermes-web/push_worker.py", line 155, in <module>
    run_push_job()
  File "/home/ubuntu/hermes-web/push_worker.py", line 141, in run_push_job
    users = conn.execute("SELECT user_id FROM user_push_settings WHERE push_enabled=1").fetchall()
            ^^^^^^^^^^^^^^^^^^^^^^^^^^^^^^^^^^^^^^^^^^^^^^^^^^^^^^^^^^^^^^^^^^^^^^^^^^^
sqlite3.OperationalError: no such table: user_push_settings
Traceback (most recent call last):
  File "/home/ubuntu/hermes-web/push_worker.py", line 155, in <module>
    run_push_job()
  File "/home/ubuntu/hermes-web/push_worker.py", line 141, in run_push_job
    users = conn.execute("SELECT user_id FROM user_push_settings WHERE push_enabled=1").fetchall()
            ^^^^^^^^^^^^^^^^^^^^^^^^^^^^^^^^^^^^^^^^^^^^^^^^^^^^^^^^^^^^^^^^^^^^^^^^^^^
sqlite3.OperationalError: no such table: user_push_settings
Traceback (most recent call last):
  File "/home/ubuntu/hermes-web/push_worker.py", line 155, in <module>
    run_push_job()
  File "/home/ubuntu/hermes-web/push_worker.py", line 141, in run_push_job
    users = conn.execute("SELECT user_id FROM user_push_settings WHERE push_enabled=1").fetchall()
            ^^^^^^^^^^^^^^^^^^^^^^^^^^^^^^^^^^^^^^^^^^^^^^^^^^^^^^^^^^^^^^^^^^^^^^^^^^^
sqlite3.OperationalError: no such table: user_push_settings
Traceback (most recent call last):
  File "/home/ubuntu/hermes-web/push_worker.py", line 155, in <module>
    run_push_job()
  File "/home/ubuntu/hermes-web/push_worker.py", line 141, in run_push_job
    users = conn.execute("SELECT user_id FROM user_push_settings WHERE push_enabled=1").fetchall()
            ^^^^^^^^^^^^^^^^^^^^^^^^^^^^^^^^^^^^^^^^^^^^^^^^^^^^^^^^^^^^^^^^^^^^^^^^^^^
sqlite3.OperationalError: no such table: user_push_settings
Traceback (most recent call last):
  File "/home/ubuntu/hermes-web/push_worker.py", line 155, in <module>
    run_push_job()
  File "/home/ubuntu/hermes-web/push_worker.py", line 141, in run_push_job
    users = conn.execute("SELECT user_id FROM user_push_settings WHERE push_enabled=1").fetchall()
            ^^^^^^^^^^^^^^^^^^^^^^^^^^^^^^^^^^^^^^^^^^^^^^^^^^^^^^^^^^^^^^^^^^^^^^^^^^^
sqlite3.OperationalError: no such table: user_push_settings
Traceback (most recent call last):
  File "/home/ubuntu/hermes-web/push_worker.py", line 155, in <module>
    run_push_job()
  File "/home/ubuntu/hermes-web/push_worker.py", line 141, in run_push_job
    users = conn.execute("SELECT user_id FROM user_push_settings WHERE push_enabled=1").fetchall()
            ^^^^^^^^^^^^^^^^^^^^^^^^^^^^^^^^^^^^^^^^^^^^^^^^^^^^^^^^^^^^^^^^^^^^^^^^^^^
sqlite3.OperationalError: no such table: user_push_settings
Traceback (most recent call last):
  File "/home/ubuntu/hermes-web/push_worker.py", line 155, in <module>
    run_push_job()
  File "/home/ubuntu/hermes-web/push_worker.py", line 141, in run_push_job
    users = conn.execute("SELECT user_id FROM user_push_settings WHERE push_enabled=1").fetchall()
            ^^^^^^^^^^^^^^^^^^^^^^^^^^^^^^^^^^^^^^^^^^^^^^^^^^^^^^^^^^^^^^^^^^^^^^^^^^^
sqlite3.OperationalError: no such table: user_push_settings
Traceback (most recent call last):
  File "/home/ubuntu/hermes-web/push_worker.py", line 155, in <module>
    run_push_job()
  File "/home/ubuntu/hermes-web/push_worker.py", line 141, in run_push_job
    users = conn.execute("SELECT user_id FROM user_push_settings WHERE push_enabled=1").fetchall()
            ^^^^^^^^^^^^^^^^^^^^^^^^^^^^^^^^^^^^^^^^^^^^^^^^^^^^^^^^^^^^^^^^^^^^^^^^^^^
sqlite3.OperationalError: no such table: user_push_settings
Traceback (most recent call last):
  File "/home/ubuntu/hermes-web/push_worker.py", line 155, in <module>
    run_push_job()
  File "/home/ubuntu/hermes-web/push_worker.py", line 141, in run_push_job
    users = conn.execute("SELECT user_id FROM user_push_settings WHERE push_enabled=1").fetchall()
            ^^^^^^^^^^^^^^^^^^^^^^^^^^^^^^^^^^^^^^^^^^^^^^^^^^^^^^^^^^^^^^^^^^^^^^^^^^^
sqlite3.OperationalError: no such table: user_push_settings
Traceback (most recent call last):
  File "/home/ubuntu/hermes-web/push_worker.py", line 155, in <module>
    run_push_job()
  File "/home/ubuntu/hermes-web/push_worker.py", line 141, in run_push_job
    users = conn.execute("SELECT user_id FROM user_push_settings WHERE push_enabled=1").fetchall()
            ^^^^^^^^^^^^^^^^^^^^^^^^^^^^^^^^^^^^^^^^^^^^^^^^^^^^^^^^^^^^^^^^^^^^^^^^^^^
sqlite3.OperationalError: no such table: user_push_settings
Traceback (most recent call last):
  File "/home/ubuntu/hermes-web/push_worker.py", line 155, in <module>
    run_push_job()
  File "/home/ubuntu/hermes-web/push_worker.py", line 141, in run_push_job
    users = conn.execute("SELECT user_id FROM user_push_settings WHERE push_enabled=1").fetchall()
            ^^^^^^^^^^^^^^^^^^^^^^^^^^^^^^^^^^^^^^^^^^^^^^^^^^^^^^^^^^^^^^^^^^^^^^^^^^^
sqlite3.OperationalError: no such table: user_push_settings
Traceback (most recent call last):
  File "/home/ubuntu/hermes-web/push_worker.py", line 155, in <module>
    run_push_job()
  File "/home/ubuntu/hermes-web/push_worker.py", line 141, in run_push_job
    users = conn.execute("SELECT user_id FROM user_push_settings WHERE push_enabled=1").fetchall()
            ^^^^^^^^^^^^^^^^^^^^^^^^^^^^^^^^^^^^^^^^^^^^^^^^^^^^^^^^^^^^^^^^^^^^^^^^^^^
sqlite3.OperationalError: no such table: user_push_settings
Traceback (most recent call last):
  File "/home/ubuntu/hermes-web/push_worker.py", line 155, in <module>
    run_push_job()
  File "/home/ubuntu/hermes-web/push_worker.py", line 141, in run_push_job
    users = conn.execute("SELECT user_id FROM user_push_settings WHERE push_enabled=1").fetchall()
            ^^^^^^^^^^^^^^^^^^^^^^^^^^^^^^^^^^^^^^^^^^^^^^^^^^^^^^^^^^^^^^^^^^^^^^^^^^^
sqlite3.OperationalError: no such table: user_push_settings
Traceback (most recent call last):
  File "/home/ubuntu/hermes-web/push_worker.py", line 155, in <module>
    run_push_job()
  File "/home/ubuntu/hermes-web/push_worker.py", line 141, in run_push_job
    users = conn.execute("SELECT user_id FROM user_push_settings WHERE push_enabled=1").fetchall()
            ^^^^^^^^^^^^^^^^^^^^^^^^^^^^^^^^^^^^^^^^^^^^^^^^^^^^^^^^^^^^^^^^^^^^^^^^^^^
sqlite3.OperationalError: no such table: user_push_settings
Traceback (most recent call last):
  File "/home/ubuntu/hermes-web/push_worker.py", line 155, in <module>
    run_push_job()
  File "/home/ubuntu/hermes-web/push_worker.py", line 141, in run_push_job
    users = conn.execute("SELECT user_id FROM user_push_settings WHERE push_enabled=1").fetchall()
            ^^^^^^^^^^^^^^^^^^^^^^^^^^^^^^^^^^^^^^^^^^^^^^^^^^^^^^^^^^^^^^^^^^^^^^^^^^^
sqlite3.OperationalError: no such table: user_push_settings
Traceback (most recent call last):
  File "/home/ubuntu/hermes-web/push_worker.py", line 155, in <module>
    run_push_job()
  File "/home/ubuntu/hermes-web/push_worker.py", line 141, in run_push_job
    users = conn.execute("SELECT user_id FROM user_push_settings WHERE push_enabled=1").fetchall()
            ^^^^^^^^^^^^^^^^^^^^^^^^^^^^^^^^^^^^^^^^^^^^^^^^^^^^^^^^^^^^^^^^^^^^^^^^^^^
sqlite3.OperationalError: no such table: user_push_settings
